11:30:25:383  INFO 9532 --- [main] com.heima.trade.TradeApplication         : Starting TradeApplication using Java 11.0.23 on huang with PID 9532 (D:\hmall\trade-service\target\classes started by 25048 in D:\hmall)
11:30:25:389  INFO 9532 --- [main] com.heima.trade.TradeApplication         : The following 1 profile is active: "local"
11:30:26:912  INFO 9532 --- [main] .s.d.r.c.RepositoryConfigurationDelegate : Multiple Spring Data modules found, entering strict repository configuration mode
11:30:26:915  INFO 9532 --- [main] .s.d.r.c.RepositoryConfigurationDelegate : Bootstrapping Spring Data Redis repositories in DEFAULT mode.
11:30:26:936  INFO 9532 --- [main] .s.d.r.c.RepositoryConfigurationDelegate : Finished Spring Data repository scanning in 8 ms. Found 0 Redis repository interfaces.
11:30:27:209  INFO 9532 --- [main] o.s.cloud.context.scope.GenericScope     : BeanFactory id=abe616c9-a1d0-39f2-a3e9-f0911d13f73b
11:30:27:771  INFO 9532 --- [main] o.s.b.w.embedded.tomcat.TomcatWebServer  : Tomcat initialized with port(s): 8084 (http)
11:30:27:774  INFO 9532 --- [main] o.a.catalina.core.AprLifecycleListener   : Loaded Apache Tomcat Native library [2.0.8] using APR version [1.7.4].
11:30:27:774  INFO 9532 --- [main] o.a.catalina.core.AprLifecycleListener   : APR capabilities: IPv6 [true], sendfile [true], accept filters [false], random [true], UDS [true].
11:30:27:774  INFO 9532 --- [main] o.a.catalina.core.AprLifecycleListener   : APR/OpenSSL configuration: useAprConnector [false], useOpenSSL [true]
11:30:27:784  INFO 9532 --- [main] o.a.catalina.core.AprLifecycleListener   : OpenSSL successfully initialized [OpenSSL 3.0.14 4 Jun 2024]
11:30:27:800  INFO 9532 --- [main] o.apache.catalina.core.StandardService   : Starting service [Tomcat]
11:30:27:802  INFO 9532 --- [main] org.apache.catalina.core.StandardEngine  : Starting Servlet engine: [Apache Tomcat/9.0.75]
11:30:28:130  INFO 9532 --- [main] o.a.c.c.C.[Tomcat].[localhost].[/]       : Initializing Spring embedded WebApplicationContext
11:30:28:130  INFO 9532 --- [main] w.s.c.ServletWebServerApplicationContext : Root WebApplicationContext: initialization completed in 2646 ms
11:30:28:434  INFO 9532 --- [main] o.s.c.openfeign.FeignClientFactoryBean   : For 'item-service' URL not provided. Will try picking an instance via load-balancing.
11:30:30:997  INFO 9532 --- [main] o.s.c.openfeign.FeignClientFactoryBean   : For 'cart-service' URL not provided. Will try picking an instance via load-balancing.
11:30:32:239  INFO 9532 --- [main] pertySourcedRequestMappingHandlerMapping : Mapped URL path [/v2/api-docs] onto method [springfox.documentation.swagger2.web.Swagger2ControllerWebMvc#getDocumentation(String, HttpServletRequest)]
11:30:33:601  INFO 9532 --- [main] com.alibaba.nacos.common.remote.client   : [RpcClientFactory] create a new rpc client of 6f7c79e1-59a1-4fa8-9f26-4cc3dad3b173
11:30:33:647  INFO 9532 --- [main] org.reflections.Reflections              : Reflections took 23 ms to scan 1 urls, producing 3 keys and 6 values 
11:30:33:680  INFO 9532 --- [main] org.reflections.Reflections              : Reflections took 16 ms to scan 1 urls, producing 4 keys and 9 values 
11:30:33:700  INFO 9532 --- [main] org.reflections.Reflections              : Reflections took 10 ms to scan 1 urls, producing 3 keys and 10 values 
11:30:33:705  WARN 9532 --- [main] org.reflections.Reflections              : given scan urls are empty. set urls in the configuration
11:30:33:714  INFO 9532 --- [main] org.reflections.Reflections              : Reflections took 9 ms to scan 1 urls, producing 1 keys and 5 values 
11:30:33:725  INFO 9532 --- [main] org.reflections.Reflections              : Reflections took 8 ms to scan 1 urls, producing 1 keys and 7 values 
11:30:33:737  INFO 9532 --- [main] org.reflections.Reflections              : Reflections took 9 ms to scan 1 urls, producing 2 keys and 8 values 
11:30:33:740  WARN 9532 --- [main] org.reflections.Reflections              : given scan urls are empty. set urls in the configuration
11:30:33:740  INFO 9532 --- [main] com.alibaba.nacos.common.remote.client   : [6f7c79e1-59a1-4fa8-9f26-4cc3dad3b173] RpcClient init label, labels = {module=naming, source=sdk}
11:30:33:743  INFO 9532 --- [main] com.alibaba.nacos.common.remote.client   : [6f7c79e1-59a1-4fa8-9f26-4cc3dad3b173] RpcClient init, ServerListFactory = com.alibaba.nacos.client.naming.core.ServerListManager
11:30:33:743  INFO 9532 --- [main] com.alibaba.nacos.common.remote.client   : [6f7c79e1-59a1-4fa8-9f26-4cc3dad3b173] Registry connection listener to current client:com.alibaba.nacos.client.naming.remote.gprc.redo.NamingGrpcRedoService
11:30:33:743  INFO 9532 --- [main] com.alibaba.nacos.common.remote.client   : [6f7c79e1-59a1-4fa8-9f26-4cc3dad3b173] Register server push request handler:com.alibaba.nacos.client.naming.remote.gprc.NamingPushRequestHandler
11:30:33:745  INFO 9532 --- [main] com.alibaba.nacos.common.remote.client   : [6f7c79e1-59a1-4fa8-9f26-4cc3dad3b173] Try to connect to server on start up, server: {serverIp = '192.168.187.128', server main port = 8848}
11:30:36:062  INFO 9532 --- [main] com.alibaba.nacos.common.remote.client   : [6f7c79e1-59a1-4fa8-9f26-4cc3dad3b173] Success to connect to server [192.168.187.128:8848] on start up, connectionId = 1749785436133_192.168.187.1_65241
11:30:36:062  INFO 9532 --- [com.alibaba.nacos.client.remote.worker] com.alibaba.nacos.common.remote.client   : [6f7c79e1-59a1-4fa8-9f26-4cc3dad3b173] Notify connected event to listeners.
11:30:36:064  INFO 9532 --- [main] com.alibaba.nacos.common.remote.client   : [6f7c79e1-59a1-4fa8-9f26-4cc3dad3b173] Register server push request handler:com.alibaba.nacos.common.remote.client.RpcClient$ConnectResetRequestHandler
11:30:36:064  INFO 9532 --- [main] com.alibaba.nacos.common.remote.client   : [6f7c79e1-59a1-4fa8-9f26-4cc3dad3b173] Register server push request handler:com.alibaba.nacos.common.remote.client.RpcClient$$Lambda$1117/0x0000000800793c40
11:30:36:111  INFO 9532 --- [main] o.s.b.w.embedded.tomcat.TomcatWebServer  : Tomcat started on port(s): 8084 (http) with context path ''
11:30:36:122  INFO 9532 --- [main] c.a.c.n.registry.NacosServiceRegistry    : nacos registry, DEFAULT_GROUP hm-trade 192.168.187.1:8084 register finished
11:30:36:694  INFO 9532 --- [nacos-grpc-client-executor-9] com.alibaba.nacos.common.remote.client   : [6f7c79e1-59a1-4fa8-9f26-4cc3dad3b173] Receive server push request, request = NotifySubscriberRequest, requestId = 93
11:30:36:698  INFO 9532 --- [nacos-grpc-client-executor-9] com.alibaba.nacos.common.remote.client   : [6f7c79e1-59a1-4fa8-9f26-4cc3dad3b173] Ack server push request, request = NotifySubscriberRequest, requestId = 93
11:30:36:957  INFO 9532 --- [main] d.s.w.p.DocumentationPluginsBootstrapper : Documentation plugins bootstrapped
11:30:36:961  INFO 9532 --- [main] d.s.w.p.DocumentationPluginsBootstrapper : Found 1 custom documentation plugin(s)
11:30:36:980  INFO 9532 --- [main] s.d.s.w.s.ApiListingReferenceScanner     : Scanning for api listing references
11:30:37:059  INFO 9532 --- [main] com.heima.trade.TradeApplication         : Started TradeApplication in 14.103 seconds (JVM running for 15.821)
11:37:27:119  WARN 9532 --- [Thread-4] c.a.nacos.common.notify.NotifyCenter     : [NotifyCenter] Start destroying Publisher
11:37:27:119  WARN 9532 --- [Thread-7] c.a.n.common.http.HttpClientBeanHolder   : [HttpClientBeanHolder] Start destroying common HttpClient
11:37:27:121  WARN 9532 --- [Thread-4] c.a.nacos.common.notify.NotifyCenter     : [NotifyCenter] Destruction of the end
11:37:27:121  WARN 9532 --- [Thread-7] c.a.n.common.http.HttpClientBeanHolder   : [HttpClientBeanHolder] Destruction of the end
11:37:27:494  INFO 9532 --- [SpringApplicationShutdownHook] c.a.c.n.registry.NacosServiceRegistry    : De-registering from Nacos Server now...
11:37:27:498  INFO 9532 --- [SpringApplicationShutdownHook] c.a.c.n.registry.NacosServiceRegistry    : De-registration finished.
11:37:27:820  INFO 9532 --- [SpringApplicationShutdownHook] com.alibaba.nacos.common.remote.client   : Shutdown rpc client, set status to shutdown
11:37:27:820  INFO 9532 --- [SpringApplicationShutdownHook] com.alibaba.nacos.common.remote.client   : Shutdown client event executor java.util.concurrent.ScheduledThreadPoolExecutor@20690425[Running, pool size = 2, active threads = 2, queued tasks = 0, completed tasks = 0]
11:37:27:820  INFO 9532 --- [SpringApplicationShutdownHook] com.alibaba.nacos.common.remote.client   : Close current connection 1749785436133_192.168.187.1_65241
11:37:27:822  INFO 9532 --- [nacos-grpc-client-executor-112] c.a.n.c.remote.client.grpc.GrpcClient    : [1749785436133_192.168.187.1_65241]Ignore complete event,isRunning:false,isAbandon=false
11:37:27:844  INFO 9532 --- [SpringApplicationShutdownHook] c.a.n.c.remote.client.grpc.GrpcClient    : Shutdown grpc executor java.util.concurrent.ThreadPoolExecutor@f117e1d[Running, pool size = 5, active threads = 0, queued tasks = 0, completed tasks = 113]
