11:26:35:507  INFO 20028 --- [main] com.heima.cart.CartApplication           : The following 1 profile is active: "local"
11:26:36:147  INFO 20028 --- [main] .s.d.r.c.RepositoryConfigurationDelegate : Multiple Spring Data modules found, entering strict repository configuration mode
11:26:36:150  INFO 20028 --- [main] .s.d.r.c.RepositoryConfigurationDelegate : Bootstrapping Spring Data Redis repositories in DEFAULT mode.
11:26:36:175  INFO 20028 --- [main] .s.d.r.c.RepositoryConfigurationDelegate : Finished Spring Data repository scanning in 6 ms. Found 0 Redis repository interfaces.
11:26:36:393  INFO 20028 --- [main] o.s.cloud.context.scope.GenericScope     : BeanFactory id=ab2413fa-2a97-36c7-9f16-af22318d0cc9
11:26:37:075  INFO 20028 --- [main] o.s.b.w.embedded.tomcat.TomcatWebServer  : Tomcat initialized with port(s): 8082 (http)
11:26:37:076  INFO 20028 --- [main] o.a.catalina.core.AprLifecycleListener   : Loaded Apache Tomcat Native library [2.0.8] using APR version [1.7.4].
11:26:37:076  INFO 20028 --- [main] o.a.catalina.core.AprLifecycleListener   : APR capabilities: IPv6 [true], sendfile [true], accept filters [false], random [true], UDS [true].
11:26:37:076  INFO 20028 --- [main] o.a.catalina.core.AprLifecycleListener   : APR/OpenSSL configuration: useAprConnector [false], useOpenSSL [true]
11:26:37:081  INFO 20028 --- [main] o.a.catalina.core.AprLifecycleListener   : OpenSSL successfully initialized [OpenSSL 3.0.14 4 Jun 2024]
11:26:37:093  INFO 20028 --- [main] o.apache.catalina.core.StandardService   : Starting service [Tomcat]
11:26:37:093  INFO 20028 --- [main] org.apache.catalina.core.StandardEngine  : Starting Servlet engine: [Apache Tomcat/9.0.75]
11:26:37:294  INFO 20028 --- [main] o.a.c.c.C.[Tomcat].[localhost].[/]       : Initializing Spring embedded WebApplicationContext
11:26:37:296  INFO 20028 --- [main] w.s.c.ServletWebServerApplicationContext : Root WebApplicationContext: initialization completed in 1774 ms
11:26:38:843  INFO 20028 --- [main] o.s.c.openfeign.FeignClientFactoryBean   : For 'item-service' URL not provided. Will try picking an instance via load-balancing.
11:26:41:077  INFO 20028 --- [main] c.a.c.sentinel.SentinelWebMvcConfigurer  : [Sentinel Starter] register SentinelWebInterceptor with urlPatterns: [/**].
11:26:41:505  INFO 20028 --- [main] pertySourcedRequestMappingHandlerMapping : Mapped URL path [/v2/api-docs] onto method [springfox.documentation.swagger2.web.Swagger2ControllerWebMvc#getDocumentation(String, HttpServletRequest)]
11:26:42:138  INFO 20028 --- [main] com.alibaba.nacos.common.remote.client   : [RpcClientFactory] create a new rpc client of 7d622586-2901-4e8e-9fed-29193383bc33
11:26:42:138  INFO 20028 --- [main] com.alibaba.nacos.common.remote.client   : [7d622586-2901-4e8e-9fed-29193383bc33] RpcClient init label, labels = {module=naming, source=sdk}
11:26:42:139  INFO 20028 --- [main] com.alibaba.nacos.common.remote.client   : [7d622586-2901-4e8e-9fed-29193383bc33] RpcClient init, ServerListFactory = com.alibaba.nacos.client.naming.core.ServerListManager
11:26:42:139  INFO 20028 --- [main] com.alibaba.nacos.common.remote.client   : [7d622586-2901-4e8e-9fed-29193383bc33] Registry connection listener to current client:com.alibaba.nacos.client.naming.remote.gprc.redo.NamingGrpcRedoService
11:26:42:139  INFO 20028 --- [main] com.alibaba.nacos.common.remote.client   : [7d622586-2901-4e8e-9fed-29193383bc33] Register server push request handler:com.alibaba.nacos.client.naming.remote.gprc.NamingPushRequestHandler
11:26:42:141  INFO 20028 --- [main] com.alibaba.nacos.common.remote.client   : [7d622586-2901-4e8e-9fed-29193383bc33] Try to connect to server on start up, server: {serverIp = '192.168.187.128', server main port = 8848}
11:26:42:285  INFO 20028 --- [main] com.alibaba.nacos.common.remote.client   : [7d622586-2901-4e8e-9fed-29193383bc33] Success to connect to server [192.168.187.128:8848] on start up, connectionId = 1750303603397_192.168.187.1_59453
11:26:42:285  INFO 20028 --- [main] com.alibaba.nacos.common.remote.client   : [7d622586-2901-4e8e-9fed-29193383bc33] Register server push request handler:com.alibaba.nacos.common.remote.client.RpcClient$ConnectResetRequestHandler
11:26:42:285  INFO 20028 --- [com.alibaba.nacos.client.remote.worker] com.alibaba.nacos.common.remote.client   : [7d622586-2901-4e8e-9fed-29193383bc33] Notify connected event to listeners.
11:26:42:285  INFO 20028 --- [main] com.alibaba.nacos.common.remote.client   : [7d622586-2901-4e8e-9fed-29193383bc33] Register server push request handler:com.alibaba.nacos.common.remote.client.RpcClient$$Lambda$475/0x00000008003fac40
11:26:42:370  INFO 20028 --- [main] o.s.b.w.embedded.tomcat.TomcatWebServer  : Tomcat started on port(s): 8082 (http) with context path ''
11:26:42:910  INFO 20028 --- [nacos-grpc-client-executor-7] com.alibaba.nacos.common.remote.client   : [7d622586-2901-4e8e-9fed-29193383bc33] Receive server push request, request = NotifySubscriberRequest, requestId = 131
11:26:42:913  INFO 20028 --- [nacos-grpc-client-executor-7] com.alibaba.nacos.common.remote.client   : [7d622586-2901-4e8e-9fed-29193383bc33] Ack server push request, request = NotifySubscriberRequest, requestId = 131
11:26:43:061  INFO 20028 --- [main] c.a.c.n.registry.NacosServiceRegistry    : nacos registry, DEFAULT_GROUP cart-service 192.168.187.1:8082 register finished
11:26:43:071  INFO 20028 --- [main] d.s.w.p.DocumentationPluginsBootstrapper : Documentation plugins bootstrapped
11:26:43:073  INFO 20028 --- [main] d.s.w.p.DocumentationPluginsBootstrapper : Found 1 custom documentation plugin(s)
11:26:43:097  INFO 20028 --- [main] s.d.s.w.s.ApiListingReferenceScanner     : Scanning for api listing references
11:26:43:110  INFO 20028 --- [main] com.heima.cart.CartApplication           : Started CartApplication in 12.45 seconds (JVM running for 14.231)
11:26:43:115  INFO 20028 --- [main] c.a.c.n.refresh.NacosContextRefresher    : [Nacos Config] Listening config: dataId=cart-service, group=DEFAULT_GROUP
11:26:43:116  INFO 20028 --- [main] c.a.c.n.refresh.NacosContextRefresher    : [Nacos Config] Listening config: dataId=cart-service.yaml, group=DEFAULT_GROUP
11:26:43:116  INFO 20028 --- [main] c.a.c.n.refresh.NacosContextRefresher    : [Nacos Config] Listening config: dataId=cart-service-local.yaml, group=DEFAULT_GROUP
11:26:43:580  INFO 20028 --- [nacos-grpc-client-executor-12] com.alibaba.nacos.common.remote.client   : [7d622586-2901-4e8e-9fed-29193383bc33] Receive server push request, request = NotifySubscriberRequest, requestId = 132
11:26:43:583  INFO 20028 --- [nacos-grpc-client-executor-12] com.alibaba.nacos.common.remote.client   : [7d622586-2901-4e8e-9fed-29193383bc33] Ack server push request, request = NotifySubscriberRequest, requestId = 132
11:49:06:367  INFO 20028 --- [http-nio-8082-exec-1] o.a.c.c.C.[Tomcat].[localhost].[/]       : Initializing Spring DispatcherServlet 'dispatcherServlet'
11:49:06:369  INFO 20028 --- [http-nio-8082-exec-1] o.s.web.servlet.DispatcherServlet        : Initializing Servlet 'dispatcherServlet'
11:49:06:373  INFO 20028 --- [http-nio-8082-exec-1] o.s.web.servlet.DispatcherServlet        : Completed initialization in 4 ms
14:19:45:562  INFO 20028 --- [http-nio-8082-exec-5] com.zaxxer.hikari.HikariDataSource       : HikariPool-1 - Starting...
14:19:45:817  INFO 20028 --- [http-nio-8082-exec-5] com.zaxxer.hikari.HikariDataSource       : HikariPool-1 - Start completed.
14:19:45:823 DEBUG 20028 --- [http-nio-8082-exec-5] c.h.cart.mapper.CartMapper.selectList    : ==>  Preparing: SELECT id,user_id,item_id,num,name,spec,price,image,create_time,update_time FROM cart WHERE (user_id = ?)
14:19:45:840 DEBUG 20028 --- [http-nio-8082-exec-5] c.h.cart.mapper.CartMapper.selectList    : ==> Parameters: 1(Long)
14:19:45:884 DEBUG 20028 --- [http-nio-8082-exec-5] c.h.cart.mapper.CartMapper.selectList    : <==      Total: 5
14:19:45:947 DEBUG 20028 --- [http-nio-8082-exec-5] com.heima.api.client.ItemClient          : [ItemClient#queryItemByIds] ---> GET http://item-service/items?ids=5706773&ids=1713453&ids=3995643&ids=5001207&ids=14741770661 HTTP/1.1
14:19:45:947 DEBUG 20028 --- [http-nio-8082-exec-5] com.heima.api.client.ItemClient          : [ItemClient#queryItemByIds] user-info: 1
14:19:45:947 DEBUG 20028 --- [http-nio-8082-exec-5] com.heima.api.client.ItemClient          : [ItemClient#queryItemByIds] ---> END HTTP (0-byte body)
14:19:46:552 DEBUG 20028 --- [http-nio-8082-exec-5] com.heima.api.client.ItemClient          : [ItemClient#queryItemByIds] <--- HTTP/1.1 200  (605ms)
14:19:46:552 DEBUG 20028 --- [http-nio-8082-exec-5] com.heima.api.client.ItemClient          : [ItemClient#queryItemByIds] connection: keep-alive
14:19:46:552 DEBUG 20028 --- [http-nio-8082-exec-5] com.heima.api.client.ItemClient          : [ItemClient#queryItemByIds] content-type: application/json
14:19:46:552 DEBUG 20028 --- [http-nio-8082-exec-5] com.heima.api.client.ItemClient          : [ItemClient#queryItemByIds] date: Thu, 19 Jun 2025 06:19:46 GMT
14:19:46:552 DEBUG 20028 --- [http-nio-8082-exec-5] com.heima.api.client.ItemClient          : [ItemClient#queryItemByIds] keep-alive: timeout=60
14:19:46:552 DEBUG 20028 --- [http-nio-8082-exec-5] com.heima.api.client.ItemClient          : [ItemClient#queryItemByIds] transfer-encoding: chunked
14:19:46:554 DEBUG 20028 --- [http-nio-8082-exec-5] com.heima.api.client.ItemClient          : [ItemClient#queryItemByIds] 
14:19:46:554 DEBUG 20028 --- [http-nio-8082-exec-5] com.heima.api.client.ItemClient          : [ItemClient#queryItemByIds] [{"id":"1713453","name":"小鹿叮叮 超薄 成长裤 婴儿拉拉裤 男女学步通用尿不湿 大号L码84片【9-14kg】","price":12800,"stock":10000,"image":"https://m.360buyimg.com/mobilecms/s720x720_jfs/t22591/39/1930198982/188975/7385556d/5b6d33bdNa455e2b0.jpg!q70.jpg.webp","category":"拉拉裤","brand":"小鹿叮叮","spec":"{}","sold":0,"commentCount":0,"isAD":false,"status":1},{"id":"3995643","name":"Apple iPhone 7 (A1660) 32G 黑色 移动联通电信4G手机","price":663300,"stock":10000,"image":"https://m.360buyimg.com/mobilecms/s720x720_jfs/t3193/308/1586388837/134147/92414e51/57d0c55bNa8230260.jpg!q70.jpg.webp","category":"手机","brand":"Apple","spec":"{\"颜色\": \"黑色\"}","sold":0,"commentCount":0,"isAD":false,"status":1},{"id":"5001207","name":"小米Note3 美颜双摄拍照手机 6GB+128GB 黑色 移动4G+全网通4G手机 双卡双待","price":221900,"stock":10000,"image":"https://m.360buyimg.com/mobilecms/s720x720_jfs/t11944/171/322678362/177635/eb2192c2/59ed5428N909f5413.jpg!q70.jpg.webp","category":"手机","brand":"小米","spec":"{\"颜色\": \"黑色\"}","sold":0,"commentCount":0,"isAD":false,"status":1},{"id":"5706773","name":"华为 HUAWEI Mate 10 Pro 全面屏徕卡双摄游戏手机 6GB+128GB 银钻灰 全网通移动联通电信4G手机 双卡双待","price":544000,"stock":10000,"image":"https://m.360buyimg.com/mobilecms/s720x720_jfs/t11986/295/1484411523/155164/77795126/5a01503cN19d7f1a0.jpg!q70.jpg.webp","category":"手机","brand":"华为","spec":"{\"颜色\": \"银色\", \"选择内存\": \"128GB\"}","sold":0,"commentCount":0,"isAD":false,"status":1},{"id":"14741770661","name":"康佳（KONKA） LED49UC3 49英寸超薄曲面36核4K HDR人工智能电视","price":144600,"stock":10000,"image":"https://m.360buyimg.com/mobilecms/s720x720_jfs/t16477/84/2032772431/400946/2887be91/5a912776N7e343ec3.jpg!q70.jpg.webp","category":"曲面电视","brand":"康佳","spec":"{}","sold":0,"commentCount":0,"isAD":false,"status":1}]
14:19:46:554 DEBUG 20028 --- [http-nio-8082-exec-5] com.heima.api.client.ItemClient          : [ItemClient#queryItemByIds] <--- END HTTP (1992-byte body)
14:19:46:654  INFO 20028 --- [nacos-grpc-client-executor-2324] com.alibaba.nacos.common.remote.client   : [7d622586-2901-4e8e-9fed-29193383bc33] Receive server push request, request = NotifySubscriberRequest, requestId = 140
14:19:46:654  INFO 20028 --- [nacos-grpc-client-executor-2324] com.alibaba.nacos.common.remote.client   : [7d622586-2901-4e8e-9fed-29193383bc33] Ack server push request, request = NotifySubscriberRequest, requestId = 140
14:19:50:005 DEBUG 20028 --- [http-nio-8082-exec-3] c.h.cart.mapper.CartMapper.selectList    : ==>  Preparing: SELECT id,user_id,item_id,num,name,spec,price,image,create_time,update_time FROM cart WHERE (user_id = ?)
14:19:50:007 DEBUG 20028 --- [http-nio-8082-exec-3] c.h.cart.mapper.CartMapper.selectList    : ==> Parameters: 1(Long)
14:19:50:011 DEBUG 20028 --- [http-nio-8082-exec-3] c.h.cart.mapper.CartMapper.selectList    : <==      Total: 5
14:19:50:015 DEBUG 20028 --- [http-nio-8082-exec-3] com.heima.api.client.ItemClient          : [ItemClient#queryItemByIds] ---> GET http://item-service/items?ids=5706773&ids=1713453&ids=3995643&ids=5001207&ids=14741770661 HTTP/1.1
14:19:50:015 DEBUG 20028 --- [http-nio-8082-exec-3] com.heima.api.client.ItemClient          : [ItemClient#queryItemByIds] user-info: 1
14:19:50:015 DEBUG 20028 --- [http-nio-8082-exec-3] com.heima.api.client.ItemClient          : [ItemClient#queryItemByIds] ---> END HTTP (0-byte body)
14:19:50:032 DEBUG 20028 --- [http-nio-8082-exec-3] com.heima.api.client.ItemClient          : [ItemClient#queryItemByIds] <--- HTTP/1.1 200  (16ms)
14:19:50:032 DEBUG 20028 --- [http-nio-8082-exec-3] com.heima.api.client.ItemClient          : [ItemClient#queryItemByIds] connection: keep-alive
14:19:50:032 DEBUG 20028 --- [http-nio-8082-exec-3] com.heima.api.client.ItemClient          : [ItemClient#queryItemByIds] content-type: application/json
14:19:50:032 DEBUG 20028 --- [http-nio-8082-exec-3] com.heima.api.client.ItemClient          : [ItemClient#queryItemByIds] date: Thu, 19 Jun 2025 06:19:50 GMT
14:19:50:032 DEBUG 20028 --- [http-nio-8082-exec-3] com.heima.api.client.ItemClient          : [ItemClient#queryItemByIds] keep-alive: timeout=60
14:19:50:032 DEBUG 20028 --- [http-nio-8082-exec-3] com.heima.api.client.ItemClient          : [ItemClient#queryItemByIds] transfer-encoding: chunked
14:19:50:032 DEBUG 20028 --- [http-nio-8082-exec-3] com.heima.api.client.ItemClient          : [ItemClient#queryItemByIds] 
14:19:50:032 DEBUG 20028 --- [http-nio-8082-exec-3] com.heima.api.client.ItemClient          : [ItemClient#queryItemByIds] [{"id":"1713453","name":"小鹿叮叮 超薄 成长裤 婴儿拉拉裤 男女学步通用尿不湿 大号L码84片【9-14kg】","price":12800,"stock":10000,"image":"https://m.360buyimg.com/mobilecms/s720x720_jfs/t22591/39/1930198982/188975/7385556d/5b6d33bdNa455e2b0.jpg!q70.jpg.webp","category":"拉拉裤","brand":"小鹿叮叮","spec":"{}","sold":0,"commentCount":0,"isAD":false,"status":1},{"id":"3995643","name":"Apple iPhone 7 (A1660) 32G 黑色 移动联通电信4G手机","price":663300,"stock":10000,"image":"https://m.360buyimg.com/mobilecms/s720x720_jfs/t3193/308/1586388837/134147/92414e51/57d0c55bNa8230260.jpg!q70.jpg.webp","category":"手机","brand":"Apple","spec":"{\"颜色\": \"黑色\"}","sold":0,"commentCount":0,"isAD":false,"status":1},{"id":"5001207","name":"小米Note3 美颜双摄拍照手机 6GB+128GB 黑色 移动4G+全网通4G手机 双卡双待","price":221900,"stock":10000,"image":"https://m.360buyimg.com/mobilecms/s720x720_jfs/t11944/171/322678362/177635/eb2192c2/59ed5428N909f5413.jpg!q70.jpg.webp","category":"手机","brand":"小米","spec":"{\"颜色\": \"黑色\"}","sold":0,"commentCount":0,"isAD":false,"status":1},{"id":"5706773","name":"华为 HUAWEI Mate 10 Pro 全面屏徕卡双摄游戏手机 6GB+128GB 银钻灰 全网通移动联通电信4G手机 双卡双待","price":544000,"stock":10000,"image":"https://m.360buyimg.com/mobilecms/s720x720_jfs/t11986/295/1484411523/155164/77795126/5a01503cN19d7f1a0.jpg!q70.jpg.webp","category":"手机","brand":"华为","spec":"{\"颜色\": \"银色\", \"选择内存\": \"128GB\"}","sold":0,"commentCount":0,"isAD":false,"status":1},{"id":"14741770661","name":"康佳（KONKA） LED49UC3 49英寸超薄曲面36核4K HDR人工智能电视","price":144600,"stock":10000,"image":"https://m.360buyimg.com/mobilecms/s720x720_jfs/t16477/84/2032772431/400946/2887be91/5a912776N7e343ec3.jpg!q70.jpg.webp","category":"曲面电视","brand":"康佳","spec":"{}","sold":0,"commentCount":0,"isAD":false,"status":1}]
14:19:50:033 DEBUG 20028 --- [http-nio-8082-exec-3] com.heima.api.client.ItemClient          : [ItemClient#queryItemByIds] <--- END HTTP (1992-byte body)
14:20:17:347 DEBUG 20028 --- [http-nio-8082-exec-1] c.h.cart.mapper.CartMapper.updateById    : ==>  Preparing: UPDATE cart SET num=? WHERE id=?
14:20:17:347 DEBUG 20028 --- [http-nio-8082-exec-1] c.h.cart.mapper.CartMapper.updateById    : ==> Parameters: 3(Integer), 13(Long)
14:20:17:378 DEBUG 20028 --- [http-nio-8082-exec-1] c.h.cart.mapper.CartMapper.updateById    : <==    Updates: 1
14:20:17:400 DEBUG 20028 --- [http-nio-8082-exec-7] c.h.cart.mapper.CartMapper.selectList    : ==>  Preparing: SELECT id,user_id,item_id,num,name,spec,price,image,create_time,update_time FROM cart WHERE (user_id = ?)
14:20:17:401 DEBUG 20028 --- [http-nio-8082-exec-7] c.h.cart.mapper.CartMapper.selectList    : ==> Parameters: 1(Long)
14:20:17:407 DEBUG 20028 --- [http-nio-8082-exec-7] c.h.cart.mapper.CartMapper.selectList    : <==      Total: 5
14:20:17:410 DEBUG 20028 --- [http-nio-8082-exec-7] com.heima.api.client.ItemClient          : [ItemClient#queryItemByIds] ---> GET http://item-service/items?ids=5706773&ids=1713453&ids=3995643&ids=5001207&ids=14741770661 HTTP/1.1
14:20:17:410 DEBUG 20028 --- [http-nio-8082-exec-7] com.heima.api.client.ItemClient          : [ItemClient#queryItemByIds] user-info: 1
14:20:17:410 DEBUG 20028 --- [http-nio-8082-exec-7] com.heima.api.client.ItemClient          : [ItemClient#queryItemByIds] ---> END HTTP (0-byte body)
14:20:17:422 DEBUG 20028 --- [http-nio-8082-exec-7] com.heima.api.client.ItemClient          : [ItemClient#queryItemByIds] <--- HTTP/1.1 200  (11ms)
14:20:17:422 DEBUG 20028 --- [http-nio-8082-exec-7] com.heima.api.client.ItemClient          : [ItemClient#queryItemByIds] connection: keep-alive
14:20:17:422 DEBUG 20028 --- [http-nio-8082-exec-7] com.heima.api.client.ItemClient          : [ItemClient#queryItemByIds] content-type: application/json
14:20:17:422 DEBUG 20028 --- [http-nio-8082-exec-7] com.heima.api.client.ItemClient          : [ItemClient#queryItemByIds] date: Thu, 19 Jun 2025 06:20:17 GMT
14:20:17:422 DEBUG 20028 --- [http-nio-8082-exec-7] com.heima.api.client.ItemClient          : [ItemClient#queryItemByIds] keep-alive: timeout=60
14:20:17:422 DEBUG 20028 --- [http-nio-8082-exec-7] com.heima.api.client.ItemClient          : [ItemClient#queryItemByIds] transfer-encoding: chunked
14:20:17:422 DEBUG 20028 --- [http-nio-8082-exec-7] com.heima.api.client.ItemClient          : [ItemClient#queryItemByIds] 
14:20:17:422 DEBUG 20028 --- [http-nio-8082-exec-7] com.heima.api.client.ItemClient          : [ItemClient#queryItemByIds] [{"id":"1713453","name":"小鹿叮叮 超薄 成长裤 婴儿拉拉裤 男女学步通用尿不湿 大号L码84片【9-14kg】","price":12800,"stock":10000,"image":"https://m.360buyimg.com/mobilecms/s720x720_jfs/t22591/39/1930198982/188975/7385556d/5b6d33bdNa455e2b0.jpg!q70.jpg.webp","category":"拉拉裤","brand":"小鹿叮叮","spec":"{}","sold":0,"commentCount":0,"isAD":false,"status":1},{"id":"3995643","name":"Apple iPhone 7 (A1660) 32G 黑色 移动联通电信4G手机","price":663300,"stock":10000,"image":"https://m.360buyimg.com/mobilecms/s720x720_jfs/t3193/308/1586388837/134147/92414e51/57d0c55bNa8230260.jpg!q70.jpg.webp","category":"手机","brand":"Apple","spec":"{\"颜色\": \"黑色\"}","sold":0,"commentCount":0,"isAD":false,"status":1},{"id":"5001207","name":"小米Note3 美颜双摄拍照手机 6GB+128GB 黑色 移动4G+全网通4G手机 双卡双待","price":221900,"stock":10000,"image":"https://m.360buyimg.com/mobilecms/s720x720_jfs/t11944/171/322678362/177635/eb2192c2/59ed5428N909f5413.jpg!q70.jpg.webp","category":"手机","brand":"小米","spec":"{\"颜色\": \"黑色\"}","sold":0,"commentCount":0,"isAD":false,"status":1},{"id":"5706773","name":"华为 HUAWEI Mate 10 Pro 全面屏徕卡双摄游戏手机 6GB+128GB 银钻灰 全网通移动联通电信4G手机 双卡双待","price":544000,"stock":10000,"image":"https://m.360buyimg.com/mobilecms/s720x720_jfs/t11986/295/1484411523/155164/77795126/5a01503cN19d7f1a0.jpg!q70.jpg.webp","category":"手机","brand":"华为","spec":"{\"颜色\": \"银色\", \"选择内存\": \"128GB\"}","sold":0,"commentCount":0,"isAD":false,"status":1},{"id":"14741770661","name":"康佳（KONKA） LED49UC3 49英寸超薄曲面36核4K HDR人工智能电视","price":144600,"stock":10000,"image":"https://m.360buyimg.com/mobilecms/s720x720_jfs/t16477/84/2032772431/400946/2887be91/5a912776N7e343ec3.jpg!q70.jpg.webp","category":"曲面电视","brand":"康佳","spec":"{}","sold":0,"commentCount":0,"isAD":false,"status":1}]
14:20:17:423 DEBUG 20028 --- [http-nio-8082-exec-7] com.heima.api.client.ItemClient          : [ItemClient#queryItemByIds] <--- END HTTP (1992-byte body)
14:20:36:782 DEBUG 20028 --- [http-nio-8082-exec-2] c.h.cart.mapper.CartMapper.updateById    : ==>  Preparing: UPDATE cart SET num=? WHERE id=?
14:20:36:784 DEBUG 20028 --- [http-nio-8082-exec-2] c.h.cart.mapper.CartMapper.updateById    : ==> Parameters: 2(Integer), 13(Long)
14:20:36:787 DEBUG 20028 --- [http-nio-8082-exec-2] c.h.cart.mapper.CartMapper.updateById    : <==    Updates: 1
14:20:36:806 DEBUG 20028 --- [http-nio-8082-exec-8] c.h.cart.mapper.CartMapper.selectList    : ==>  Preparing: SELECT id,user_id,item_id,num,name,spec,price,image,create_time,update_time FROM cart WHERE (user_id = ?)
14:20:36:806 DEBUG 20028 --- [http-nio-8082-exec-8] c.h.cart.mapper.CartMapper.selectList    : ==> Parameters: 1(Long)
14:20:36:814 DEBUG 20028 --- [http-nio-8082-exec-8] c.h.cart.mapper.CartMapper.selectList    : <==      Total: 5
14:20:36:818 DEBUG 20028 --- [http-nio-8082-exec-8] com.heima.api.client.ItemClient          : [ItemClient#queryItemByIds] ---> GET http://item-service/items?ids=5706773&ids=1713453&ids=3995643&ids=5001207&ids=14741770661 HTTP/1.1
14:20:36:821 DEBUG 20028 --- [http-nio-8082-exec-8] com.heima.api.client.ItemClient          : [ItemClient#queryItemByIds] user-info: 1
14:20:36:821 DEBUG 20028 --- [http-nio-8082-exec-8] com.heima.api.client.ItemClient          : [ItemClient#queryItemByIds] ---> END HTTP (0-byte body)
14:20:36:845 DEBUG 20028 --- [http-nio-8082-exec-8] com.heima.api.client.ItemClient          : [ItemClient#queryItemByIds] <--- HTTP/1.1 200  (24ms)
14:20:36:845 DEBUG 20028 --- [http-nio-8082-exec-8] com.heima.api.client.ItemClient          : [ItemClient#queryItemByIds] connection: keep-alive
14:20:36:845 DEBUG 20028 --- [http-nio-8082-exec-8] com.heima.api.client.ItemClient          : [ItemClient#queryItemByIds] content-type: application/json
14:20:36:846 DEBUG 20028 --- [http-nio-8082-exec-8] com.heima.api.client.ItemClient          : [ItemClient#queryItemByIds] date: Thu, 19 Jun 2025 06:20:36 GMT
14:20:36:846 DEBUG 20028 --- [http-nio-8082-exec-8] com.heima.api.client.ItemClient          : [ItemClient#queryItemByIds] keep-alive: timeout=60
14:20:36:846 DEBUG 20028 --- [http-nio-8082-exec-8] com.heima.api.client.ItemClient          : [ItemClient#queryItemByIds] transfer-encoding: chunked
14:20:36:846 DEBUG 20028 --- [http-nio-8082-exec-8] com.heima.api.client.ItemClient          : [ItemClient#queryItemByIds] 
14:20:36:846 DEBUG 20028 --- [http-nio-8082-exec-8] com.heima.api.client.ItemClient          : [ItemClient#queryItemByIds] [{"id":"1713453","name":"小鹿叮叮 超薄 成长裤 婴儿拉拉裤 男女学步通用尿不湿 大号L码84片【9-14kg】","price":12800,"stock":10000,"image":"https://m.360buyimg.com/mobilecms/s720x720_jfs/t22591/39/1930198982/188975/7385556d/5b6d33bdNa455e2b0.jpg!q70.jpg.webp","category":"拉拉裤","brand":"小鹿叮叮","spec":"{}","sold":0,"commentCount":0,"isAD":false,"status":1},{"id":"3995643","name":"Apple iPhone 7 (A1660) 32G 黑色 移动联通电信4G手机","price":663300,"stock":10000,"image":"https://m.360buyimg.com/mobilecms/s720x720_jfs/t3193/308/1586388837/134147/92414e51/57d0c55bNa8230260.jpg!q70.jpg.webp","category":"手机","brand":"Apple","spec":"{\"颜色\": \"黑色\"}","sold":0,"commentCount":0,"isAD":false,"status":1},{"id":"5001207","name":"小米Note3 美颜双摄拍照手机 6GB+128GB 黑色 移动4G+全网通4G手机 双卡双待","price":221900,"stock":10000,"image":"https://m.360buyimg.com/mobilecms/s720x720_jfs/t11944/171/322678362/177635/eb2192c2/59ed5428N909f5413.jpg!q70.jpg.webp","category":"手机","brand":"小米","spec":"{\"颜色\": \"黑色\"}","sold":0,"commentCount":0,"isAD":false,"status":1},{"id":"5706773","name":"华为 HUAWEI Mate 10 Pro 全面屏徕卡双摄游戏手机 6GB+128GB 银钻灰 全网通移动联通电信4G手机 双卡双待","price":544000,"stock":10000,"image":"https://m.360buyimg.com/mobilecms/s720x720_jfs/t11986/295/1484411523/155164/77795126/5a01503cN19d7f1a0.jpg!q70.jpg.webp","category":"手机","brand":"华为","spec":"{\"颜色\": \"银色\", \"选择内存\": \"128GB\"}","sold":0,"commentCount":0,"isAD":false,"status":1},{"id":"14741770661","name":"康佳（KONKA） LED49UC3 49英寸超薄曲面36核4K HDR人工智能电视","price":144600,"stock":10000,"image":"https://m.360buyimg.com/mobilecms/s720x720_jfs/t16477/84/2032772431/400946/2887be91/5a912776N7e343ec3.jpg!q70.jpg.webp","category":"曲面电视","brand":"康佳","spec":"{}","sold":0,"commentCount":0,"isAD":false,"status":1}]
14:20:36:846 DEBUG 20028 --- [http-nio-8082-exec-8] com.heima.api.client.ItemClient          : [ItemClient#queryItemByIds] <--- END HTTP (1992-byte body)
14:22:28:487 DEBUG 20028 --- [http-nio-8082-exec-6] com.heima.cart.mapper.CartMapper.delete  : ==>  Preparing: DELETE FROM cart WHERE (user_id = ? AND item_id IN (?,?,?,?,?))
14:22:28:488 DEBUG 20028 --- [http-nio-8082-exec-6] com.heima.cart.mapper.CartMapper.delete  : ==> Parameters: 1(Long), 5706773(Long), 1713453(Long), 3995643(Long), 5001207(Long), 14741770661(Long)
14:22:28:495 DEBUG 20028 --- [http-nio-8082-exec-6] com.heima.cart.mapper.CartMapper.delete  : <==    Updates: 5
14:35:21:943  WARN 20028 --- [Thread-5] c.a.nacos.common.notify.NotifyCenter     : [NotifyCenter] Start destroying Publisher
14:35:21:943  WARN 20028 --- [Thread-1] c.a.n.common.http.HttpClientBeanHolder   : [HttpClientBeanHolder] Start destroying common HttpClient
14:35:21:944  WARN 20028 --- [Thread-5] c.a.nacos.common.notify.NotifyCenter     : [NotifyCenter] Destruction of the end
14:35:21:946  WARN 20028 --- [Thread-1] c.a.n.common.http.HttpClientBeanHolder   : [HttpClientBeanHolder] Destruction of the end
14:35:22:600  INFO 20028 --- [SpringApplicationShutdownHook] c.a.c.n.registry.NacosServiceRegistry    : De-registering from Nacos Server now...
14:35:22:606  INFO 20028 --- [SpringApplicationShutdownHook] c.a.c.n.registry.NacosServiceRegistry    : De-registration finished.
14:35:22:954  INFO 20028 --- [SpringApplicationShutdownHook] com.alibaba.nacos.common.remote.client   : Shutdown rpc client, set status to shutdown
14:35:22:955  INFO 20028 --- [SpringApplicationShutdownHook] com.alibaba.nacos.common.remote.client   : Shutdown client event executor java.util.concurrent.ScheduledThreadPoolExecutor@f62be14[Running, pool size = 2, active threads = 2, queued tasks = 0, completed tasks = 0]
14:35:22:955  INFO 20028 --- [SpringApplicationShutdownHook] com.alibaba.nacos.common.remote.client   : Close current connection 1750303603397_192.168.187.1_59453
14:35:22:961  INFO 20028 --- [nacos-grpc-client-executor-2531] c.a.n.c.remote.client.grpc.GrpcClient    : [1750303603397_192.168.187.1_59453]Ignore complete event,isRunning:false,isAbandon=false
14:35:22:964  INFO 20028 --- [SpringApplicationShutdownHook] c.a.n.c.remote.client.grpc.GrpcClient    : Shutdown grpc executor java.util.concurrent.ThreadPoolExecutor@3de01c8e[Running, pool size = 5, active threads = 0, queued tasks = 0, completed tasks = 2532]
14:35:22:971  INFO 20028 --- [SpringApplicationShutdownHook] com.zaxxer.hikari.HikariDataSource       : HikariPool-1 - Shutdown initiated...
14:35:23:004  INFO 20028 --- [SpringApplicationShutdownHook] com.zaxxer.hikari.HikariDataSource       : HikariPool-1 - Shutdown completed.
14:35:29:936  INFO 10824 --- [main] com.heima.cart.CartApplication           : The following 1 profile is active: "local"
14:35:30:431  INFO 10824 --- [main] .s.d.r.c.RepositoryConfigurationDelegate : Multiple Spring Data modules found, entering strict repository configuration mode
14:35:30:433  INFO 10824 --- [main] .s.d.r.c.RepositoryConfigurationDelegate : Bootstrapping Spring Data Redis repositories in DEFAULT mode.
14:35:30:448  INFO 10824 --- [main] .s.d.r.c.RepositoryConfigurationDelegate : Finished Spring Data repository scanning in 5 ms. Found 0 Redis repository interfaces.
14:35:30:592  INFO 10824 --- [main] o.s.cloud.context.scope.GenericScope     : BeanFactory id=e6547822-ab34-332e-bab6-e18c287dc53c
14:35:30:924  INFO 10824 --- [main] o.s.b.w.embedded.tomcat.TomcatWebServer  : Tomcat initialized with port(s): 8082 (http)
14:35:30:924  INFO 10824 --- [main] o.a.catalina.core.AprLifecycleListener   : Loaded Apache Tomcat Native library [2.0.8] using APR version [1.7.4].
14:35:30:924  INFO 10824 --- [main] o.a.catalina.core.AprLifecycleListener   : APR capabilities: IPv6 [true], sendfile [true], accept filters [false], random [true], UDS [true].
14:35:30:924  INFO 10824 --- [main] o.a.catalina.core.AprLifecycleListener   : APR/OpenSSL configuration: useAprConnector [false], useOpenSSL [true]
14:35:30:929  INFO 10824 --- [main] o.a.catalina.core.AprLifecycleListener   : OpenSSL successfully initialized [OpenSSL 3.0.14 4 Jun 2024]
14:35:30:936  INFO 10824 --- [main] o.apache.catalina.core.StandardService   : Starting service [Tomcat]
14:35:30:936  INFO 10824 --- [main] org.apache.catalina.core.StandardEngine  : Starting Servlet engine: [Apache Tomcat/9.0.75]
14:35:31:068  INFO 10824 --- [main] o.a.c.c.C.[Tomcat].[localhost].[/]       : Initializing Spring embedded WebApplicationContext
14:35:31:068  INFO 10824 --- [main] w.s.c.ServletWebServerApplicationContext : Root WebApplicationContext: initialization completed in 1121 ms
14:35:32:290  INFO 10824 --- [main] o.s.c.openfeign.FeignClientFactoryBean   : For 'item-service' URL not provided. Will try picking an instance via load-balancing.
14:35:34:585  INFO 10824 --- [main] c.a.c.sentinel.SentinelWebMvcConfigurer  : [Sentinel Starter] register SentinelWebInterceptor with urlPatterns: [/**].
14:35:35:006  INFO 10824 --- [main] pertySourcedRequestMappingHandlerMapping : Mapped URL path [/v2/api-docs] onto method [springfox.documentation.swagger2.web.Swagger2ControllerWebMvc#getDocumentation(String, HttpServletRequest)]
14:35:35:625  INFO 10824 --- [main] com.alibaba.nacos.common.remote.client   : [RpcClientFactory] create a new rpc client of 39d177a6-1408-4fdc-94c2-d5b919574c4e
14:35:35:625  INFO 10824 --- [main] com.alibaba.nacos.common.remote.client   : [39d177a6-1408-4fdc-94c2-d5b919574c4e] RpcClient init label, labels = {module=naming, source=sdk}
14:35:35:629  INFO 10824 --- [main] com.alibaba.nacos.common.remote.client   : [39d177a6-1408-4fdc-94c2-d5b919574c4e] RpcClient init, ServerListFactory = com.alibaba.nacos.client.naming.core.ServerListManager
14:35:35:629  INFO 10824 --- [main] com.alibaba.nacos.common.remote.client   : [39d177a6-1408-4fdc-94c2-d5b919574c4e] Registry connection listener to current client:com.alibaba.nacos.client.naming.remote.gprc.redo.NamingGrpcRedoService
14:35:35:629  INFO 10824 --- [main] com.alibaba.nacos.common.remote.client   : [39d177a6-1408-4fdc-94c2-d5b919574c4e] Register server push request handler:com.alibaba.nacos.client.naming.remote.gprc.NamingPushRequestHandler
14:35:35:629  INFO 10824 --- [main] com.alibaba.nacos.common.remote.client   : [39d177a6-1408-4fdc-94c2-d5b919574c4e] Try to connect to server on start up, server: {serverIp = '192.168.187.128', server main port = 8848}
14:35:35:760  INFO 10824 --- [main] com.alibaba.nacos.common.remote.client   : [39d177a6-1408-4fdc-94c2-d5b919574c4e] Success to connect to server [192.168.187.128:8848] on start up, connectionId = 1750314937667_192.168.187.1_52530
14:35:35:760  INFO 10824 --- [main] com.alibaba.nacos.common.remote.client   : [39d177a6-1408-4fdc-94c2-d5b919574c4e] Register server push request handler:com.alibaba.nacos.common.remote.client.RpcClient$ConnectResetRequestHandler
14:35:35:760  INFO 10824 --- [main] com.alibaba.nacos.common.remote.client   : [39d177a6-1408-4fdc-94c2-d5b919574c4e] Register server push request handler:com.alibaba.nacos.common.remote.client.RpcClient$$Lambda$475/0x00000008003fa840
14:35:35:760  INFO 10824 --- [com.alibaba.nacos.client.remote.worker] com.alibaba.nacos.common.remote.client   : [39d177a6-1408-4fdc-94c2-d5b919574c4e] Notify connected event to listeners.
14:35:35:811  INFO 10824 --- [main] o.s.b.w.embedded.tomcat.TomcatWebServer  : Tomcat started on port(s): 8082 (http) with context path ''
14:35:36:378  INFO 10824 --- [nacos-grpc-client-executor-4] com.alibaba.nacos.common.remote.client   : [39d177a6-1408-4fdc-94c2-d5b919574c4e] Receive server push request, request = NotifySubscriberRequest, requestId = 147
14:35:36:381  INFO 10824 --- [nacos-grpc-client-executor-4] com.alibaba.nacos.common.remote.client   : [39d177a6-1408-4fdc-94c2-d5b919574c4e] Ack server push request, request = NotifySubscriberRequest, requestId = 147
14:35:36:706  INFO 10824 --- [main] c.a.c.n.registry.NacosServiceRegistry    : nacos registry, DEFAULT_GROUP cart-service 192.168.187.1:8082 register finished
14:35:36:708  INFO 10824 --- [main] d.s.w.p.DocumentationPluginsBootstrapper : Documentation plugins bootstrapped
14:35:36:711  INFO 10824 --- [main] d.s.w.p.DocumentationPluginsBootstrapper : Found 1 custom documentation plugin(s)
14:35:36:734  INFO 10824 --- [main] s.d.s.w.s.ApiListingReferenceScanner     : Scanning for api listing references
14:35:36:748  INFO 10824 --- [main] com.heima.cart.CartApplication           : Started CartApplication in 10.504 seconds (JVM running for 11.819)
14:35:36:752  INFO 10824 --- [main] c.a.c.n.refresh.NacosContextRefresher    : [Nacos Config] Listening config: dataId=cart-service, group=DEFAULT_GROUP
14:35:36:756  INFO 10824 --- [main] c.a.c.n.refresh.NacosContextRefresher    : [Nacos Config] Listening config: dataId=cart-service.yaml, group=DEFAULT_GROUP
14:35:36:756  INFO 10824 --- [main] c.a.c.n.refresh.NacosContextRefresher    : [Nacos Config] Listening config: dataId=cart-service-local.yaml, group=DEFAULT_GROUP
14:35:37:282  INFO 10824 --- [nacos-grpc-client-executor-7] com.alibaba.nacos.common.remote.client   : [39d177a6-1408-4fdc-94c2-d5b919574c4e] Receive server push request, request = NotifySubscriberRequest, requestId = 150
14:35:37:287  INFO 10824 --- [nacos-grpc-client-executor-7] com.alibaba.nacos.common.remote.client   : [39d177a6-1408-4fdc-94c2-d5b919574c4e] Ack server push request, request = NotifySubscriberRequest, requestId = 150
14:36:36:397  INFO 10824 --- [com.alibaba.nacos.client.remote.worker] com.alibaba.nacos.common.remote.client   : [7fef3b39-6005-4b73-8be0-20c48d8837c0_config-0] Server healthy check fail, currentConnection = 1750314931675_192.168.187.1_52526
14:36:36:398  INFO 10824 --- [com.alibaba.nacos.client.remote.worker] com.alibaba.nacos.common.remote.client   : [7fef3b39-6005-4b73-8be0-20c48d8837c0_config-0] Try to reconnect to a new server, server is  not appointed, will choose a random server.
14:36:38:788  INFO 10824 --- [com.alibaba.nacos.client.remote.worker] com.alibaba.nacos.common.remote.client   : [39d177a6-1408-4fdc-94c2-d5b919574c4e] Server healthy check fail, currentConnection = 1750314937667_192.168.187.1_52530
14:36:38:788  INFO 10824 --- [com.alibaba.nacos.client.remote.worker] com.alibaba.nacos.common.remote.client   : [39d177a6-1408-4fdc-94c2-d5b919574c4e] Try to reconnect to a new server, server is  not appointed, will choose a random server.
14:36:38:922 ERROR 10824 --- [com.alibaba.nacos.client.naming.updater.1] com.alibaba.nacos.common.remote.client   : Send request fail, request = ServiceQueryRequest{headers={app=unknown}, requestId='null'}, retryTimes = 0, errorMessage = Client not connected, current status:UNHEALTHY
14:36:39:027 ERROR 10824 --- [com.alibaba.nacos.client.naming.updater.1] com.alibaba.nacos.common.remote.client   : Send request fail, request = ServiceQueryRequest{headers={app=unknown}, requestId='null'}, retryTimes = 1, errorMessage = Client not connected, current status:UNHEALTHY
14:36:39:132 ERROR 10824 --- [com.alibaba.nacos.client.naming.updater.1] com.alibaba.nacos.common.remote.client   : Send request fail, request = ServiceQueryRequest{headers={app=unknown}, requestId='null'}, retryTimes = 2, errorMessage = Client not connected, current status:UNHEALTHY
14:36:39:224  INFO 10824 --- [com.alibaba.nacos.client.remote.worker] com.alibaba.nacos.common.remote.client   : [7fef3b39-6005-4b73-8be0-20c48d8837c0_config-0] Success to connect a server [192.168.187.128:8848], connectionId = 1750315001127_192.168.187.1_52618
14:36:39:224  INFO 10824 --- [com.alibaba.nacos.client.remote.worker] com.alibaba.nacos.common.remote.client   : [39d177a6-1408-4fdc-94c2-d5b919574c4e] Success to connect a server [192.168.187.128:8848], connectionId = 1750315001124_192.168.187.1_52647
14:36:39:224  INFO 10824 --- [com.alibaba.nacos.client.remote.worker] com.alibaba.nacos.common.remote.client   : [7fef3b39-6005-4b73-8be0-20c48d8837c0_config-0] Abandon prev connection, server is 192.168.187.128:8848, connectionId is 1750314931675_192.168.187.1_52526
14:36:39:224  INFO 10824 --- [com.alibaba.nacos.client.remote.worker] com.alibaba.nacos.common.remote.client   : [39d177a6-1408-4fdc-94c2-d5b919574c4e] Abandon prev connection, server is 192.168.187.128:8848, connectionId is 1750314937667_192.168.187.1_52530
14:36:39:224  INFO 10824 --- [com.alibaba.nacos.client.remote.worker] com.alibaba.nacos.common.remote.client   : Close current connection 1750314931675_192.168.187.1_52526
14:36:39:224  INFO 10824 --- [com.alibaba.nacos.client.remote.worker] com.alibaba.nacos.common.remote.client   : Close current connection 1750314937667_192.168.187.1_52530
14:36:39:225  INFO 10824 --- [nacos-grpc-client-executor-31] c.a.n.c.remote.client.grpc.GrpcClient    : [1750314931675_192.168.187.1_52526]Ignore complete event,isRunning:false,isAbandon=true
14:36:39:225  INFO 10824 --- [nacos-grpc-client-executor-24] c.a.n.c.remote.client.grpc.GrpcClient    : [1750314937667_192.168.187.1_52530]Ignore complete event,isRunning:false,isAbandon=true
14:36:39:228  INFO 10824 --- [com.alibaba.nacos.client.remote.worker] com.alibaba.nacos.common.remote.client   : [39d177a6-1408-4fdc-94c2-d5b919574c4e] Notify disconnected event to listeners
14:36:39:228  INFO 10824 --- [com.alibaba.nacos.client.remote.worker] com.alibaba.nacos.common.remote.client   : [7fef3b39-6005-4b73-8be0-20c48d8837c0_config-0] Notify disconnected event to listeners
14:36:39:228  INFO 10824 --- [com.alibaba.nacos.client.remote.worker] com.alibaba.nacos.common.remote.client   : [7fef3b39-6005-4b73-8be0-20c48d8837c0_config-0] Notify connected event to listeners.
14:36:39:228  INFO 10824 --- [com.alibaba.nacos.client.remote.worker] com.alibaba.nacos.common.remote.client   : [39d177a6-1408-4fdc-94c2-d5b919574c4e] Notify connected event to listeners.
14:36:42:392  INFO 10824 --- [nacos-grpc-client-executor-29] com.alibaba.nacos.common.remote.client   : [39d177a6-1408-4fdc-94c2-d5b919574c4e] Receive server push request, request = NotifySubscriberRequest, requestId = 161
14:36:42:392  INFO 10824 --- [nacos-grpc-client-executor-29] com.alibaba.nacos.common.remote.client   : [39d177a6-1408-4fdc-94c2-d5b919574c4e] Ack server push request, request = NotifySubscriberRequest, requestId = 161
14:37:00:610  INFO 10824 --- [http-nio-8082-exec-1] o.a.c.c.C.[Tomcat].[localhost].[/]       : Initializing Spring DispatcherServlet 'dispatcherServlet'
14:37:00:610  INFO 10824 --- [http-nio-8082-exec-1] o.s.web.servlet.DispatcherServlet        : Initializing Servlet 'dispatcherServlet'
14:37:00:612  INFO 10824 --- [http-nio-8082-exec-1] o.s.web.servlet.DispatcherServlet        : Completed initialization in 2 ms
14:37:00:784  INFO 10824 --- [http-nio-8082-exec-1] com.zaxxer.hikari.HikariDataSource       : HikariPool-1 - Starting...
14:37:00:956  INFO 10824 --- [http-nio-8082-exec-1] com.zaxxer.hikari.HikariDataSource       : HikariPool-1 - Start completed.
14:37:00:960 DEBUG 10824 --- [http-nio-8082-exec-1] c.h.cart.mapper.CartMapper.selectList    : ==>  Preparing: SELECT id,user_id,item_id,num,name,spec,price,image,create_time,update_time FROM cart WHERE (user_id = ?)
14:37:00:974 DEBUG 10824 --- [http-nio-8082-exec-1] c.h.cart.mapper.CartMapper.selectList    : ==> Parameters: 1(Long)
14:37:00:988 DEBUG 10824 --- [http-nio-8082-exec-1] c.h.cart.mapper.CartMapper.selectList    : <==      Total: 0
14:37:01:129 DEBUG 10824 --- [http-nio-8082-exec-2] c.h.cart.mapper.CartMapper.selectList    : ==>  Preparing: SELECT id,user_id,item_id,num,name,spec,price,image,create_time,update_time FROM cart WHERE (user_id = ?)
14:37:01:130 DEBUG 10824 --- [http-nio-8082-exec-2] c.h.cart.mapper.CartMapper.selectList    : ==> Parameters: 1(Long)
14:37:01:130 DEBUG 10824 --- [http-nio-8082-exec-2] c.h.cart.mapper.CartMapper.selectList    : <==      Total: 0
14:37:06:159 DEBUG 10824 --- [http-nio-8082-exec-3] c.h.cart.mapper.CartMapper.selectCount   : ==>  Preparing: SELECT COUNT( * ) FROM cart WHERE (user_id = ? AND item_id = ?)
14:37:06:159 DEBUG 10824 --- [http-nio-8082-exec-3] c.h.cart.mapper.CartMapper.selectCount   : ==> Parameters: 1(Long), 14741770661(Long)
14:37:06:163 DEBUG 10824 --- [http-nio-8082-exec-3] c.h.cart.mapper.CartMapper.selectCount   : <==      Total: 1
14:37:06:164 DEBUG 10824 --- [http-nio-8082-exec-3] c.h.cart.mapper.CartMapper.selectCount   : ==>  Preparing: SELECT COUNT( * ) FROM cart WHERE (user_id = ?)
14:37:06:164 DEBUG 10824 --- [http-nio-8082-exec-3] c.h.cart.mapper.CartMapper.selectCount   : ==> Parameters: 1(Long)
14:37:06:165 DEBUG 10824 --- [http-nio-8082-exec-3] c.h.cart.mapper.CartMapper.selectCount   : <==      Total: 1
14:37:06:185 DEBUG 10824 --- [http-nio-8082-exec-3] com.heima.cart.mapper.CartMapper.insert  : ==>  Preparing: INSERT INTO cart ( user_id, item_id, name, spec, price, image ) VALUES ( ?, ?, ?, ?, ?, ? )
14:37:06:187 DEBUG 10824 --- [http-nio-8082-exec-3] com.heima.cart.mapper.CartMapper.insert  : ==> Parameters: 1(Long), 14741770661(Long), 康佳（KONKA） LED49UC3 49英寸超薄曲面36核4K HDR人工智能电视(String), {}(String), 144600(Integer), https://m.360buyimg.com/mobilecms/s720x720_jfs/t16477/84/2032772431/400946/2887be91/5a912776N7e343ec3.jpg!q70.jpg.webp(String)
14:37:06:187 DEBUG 10824 --- [http-nio-8082-exec-3] com.heima.cart.mapper.CartMapper.insert  : <==    Updates: 1
14:37:06:234 DEBUG 10824 --- [http-nio-8082-exec-4] c.h.cart.mapper.CartMapper.selectList    : ==>  Preparing: SELECT id,user_id,item_id,num,name,spec,price,image,create_time,update_time FROM cart WHERE (user_id = ?)
14:37:06:234 DEBUG 10824 --- [http-nio-8082-exec-4] c.h.cart.mapper.CartMapper.selectList    : ==> Parameters: 1(Long)
14:37:06:240 DEBUG 10824 --- [http-nio-8082-exec-4] c.h.cart.mapper.CartMapper.selectList    : <==      Total: 1
14:37:06:248 DEBUG 10824 --- [http-nio-8082-exec-4] com.heima.api.client.ItemClient          : [ItemClient#queryItemByIds] ---> GET http://item-service/items?ids=14741770661 HTTP/1.1
14:37:06:248 DEBUG 10824 --- [http-nio-8082-exec-4] com.heima.api.client.ItemClient          : [ItemClient#queryItemByIds] user-info: 1
14:37:06:248 DEBUG 10824 --- [http-nio-8082-exec-4] com.heima.api.client.ItemClient          : [ItemClient#queryItemByIds] ---> END HTTP (0-byte body)
14:37:06:358 DEBUG 10824 --- [http-nio-8082-exec-4] com.heima.api.client.ItemClient          : [ItemClient#queryItemByIds] <--- HTTP/1.1 200  (110ms)
14:37:06:358 DEBUG 10824 --- [http-nio-8082-exec-4] com.heima.api.client.ItemClient          : [ItemClient#queryItemByIds] connection: keep-alive
14:37:06:358 DEBUG 10824 --- [http-nio-8082-exec-4] com.heima.api.client.ItemClient          : [ItemClient#queryItemByIds] content-type: application/json
14:37:06:358 DEBUG 10824 --- [http-nio-8082-exec-4] com.heima.api.client.ItemClient          : [ItemClient#queryItemByIds] date: Thu, 19 Jun 2025 06:37:06 GMT
14:37:06:358 DEBUG 10824 --- [http-nio-8082-exec-4] com.heima.api.client.ItemClient          : [ItemClient#queryItemByIds] keep-alive: timeout=60
14:37:06:358 DEBUG 10824 --- [http-nio-8082-exec-4] com.heima.api.client.ItemClient          : [ItemClient#queryItemByIds] transfer-encoding: chunked
14:37:06:358 DEBUG 10824 --- [http-nio-8082-exec-4] com.heima.api.client.ItemClient          : [ItemClient#queryItemByIds] 
14:37:06:360 DEBUG 10824 --- [http-nio-8082-exec-4] com.heima.api.client.ItemClient          : [ItemClient#queryItemByIds] [{"id":"14741770661","name":"康佳（KONKA） LED49UC3 49英寸超薄曲面36核4K HDR人工智能电视","price":144600,"stock":9999,"image":"https://m.360buyimg.com/mobilecms/s720x720_jfs/t16477/84/2032772431/400946/2887be91/5a912776N7e343ec3.jpg!q70.jpg.webp","category":"曲面电视","brand":"康佳","spec":"{}","sold":0,"commentCount":0,"isAD":false,"status":1}]
14:37:06:360 DEBUG 10824 --- [http-nio-8082-exec-4] com.heima.api.client.ItemClient          : [ItemClient#queryItemByIds] <--- END HTTP (370-byte body)
14:37:06:852  INFO 10824 --- [nacos-grpc-client-executor-35] com.alibaba.nacos.common.remote.client   : [39d177a6-1408-4fdc-94c2-d5b919574c4e] Receive server push request, request = NotifySubscriberRequest, requestId = 163
14:37:06:852  INFO 10824 --- [nacos-grpc-client-executor-35] com.alibaba.nacos.common.remote.client   : [39d177a6-1408-4fdc-94c2-d5b919574c4e] Ack server push request, request = NotifySubscriberRequest, requestId = 163
14:40:07:607  INFO 10824 --- [com.alibaba.nacos.client.remote.worker] com.alibaba.nacos.common.remote.client   : [39d177a6-1408-4fdc-94c2-d5b919574c4e] Server healthy check fail, currentConnection = 1750315001124_192.168.187.1_52647
14:40:07:607  INFO 10824 --- [com.alibaba.nacos.client.remote.worker] com.alibaba.nacos.common.remote.client   : [39d177a6-1408-4fdc-94c2-d5b919574c4e] Try to reconnect to a new server, server is  not appointed, will choose a random server.
14:40:07:619  INFO 10824 --- [com.alibaba.nacos.client.remote.worker] com.alibaba.nacos.common.remote.client   : [7fef3b39-6005-4b73-8be0-20c48d8837c0_config-0] Server healthy check fail, currentConnection = 1750315001127_192.168.187.1_52618
14:40:07:619  INFO 10824 --- [com.alibaba.nacos.client.remote.worker] com.alibaba.nacos.common.remote.client   : [7fef3b39-6005-4b73-8be0-20c48d8837c0_config-0] Try to reconnect to a new server, server is  not appointed, will choose a random server.
14:40:10:343 ERROR 10824 --- [com.alibaba.nacos.client.naming.updater.6] com.alibaba.nacos.common.remote.client   : Send request fail, request = ServiceQueryRequest{headers={}, requestId='null'}, retryTimes = 0, errorMessage = java.util.concurrent.TimeoutException: Waited 3000 milliseconds (plus 4 milliseconds, 298600 nanoseconds delay) for com.alibaba.nacos.shaded.io.grpc.stub.ClientCalls$GrpcFuture@5b4e4d72[status=PENDING, info=[GrpcFuture{clientCall={delegate={delegate=ClientCallImpl{method=MethodDescriptor{fullMethodName=Request/request, type=UNARY, idempotent=false, safe=false, sampledToLocalTracing=true, requestMarshaller=com.alibaba.nacos.shaded.io.grpc.protobuf.lite.ProtoLiteUtils$MessageMarshaller@1791c112, responseMarshaller=com.alibaba.nacos.shaded.io.grpc.protobuf.lite.ProtoLiteUtils$MessageMarshaller@21571d18, schemaDescriptor=com.alibaba.nacos.api.grpc.auto.RequestGrpc$RequestMethodDescriptorSupplier@25169a0f}}}}}]]
14:40:10:623 ERROR 10824 --- [com.alibaba.nacos.client.remote.worker] c.a.n.c.remote.client.grpc.GrpcClient    : Server check fail, please check server 192.168.187.128 ,port 9848 is available , error ={}

java.util.concurrent.TimeoutException: Waited 3000 milliseconds (plus 2 milliseconds, 329800 nanoseconds delay) for com.alibaba.nacos.shaded.io.grpc.stub.ClientCalls$GrpcFuture@11501b91[status=PENDING, info=[GrpcFuture{clientCall={delegate={delegate=ClientCallImpl{method=MethodDescriptor{fullMethodName=Request/request, type=UNARY, idempotent=false, safe=false, sampledToLocalTracing=true, requestMarshaller=com.alibaba.nacos.shaded.io.grpc.protobuf.lite.ProtoLiteUtils$MessageMarshaller@1791c112, responseMarshaller=com.alibaba.nacos.shaded.io.grpc.protobuf.lite.ProtoLiteUtils$MessageMarshaller@21571d18, schemaDescriptor=com.alibaba.nacos.api.grpc.auto.RequestGrpc$RequestMethodDescriptorSupplier@25169a0f}}}}}]]
	at com.alibaba.nacos.shaded.com.google.common.util.concurrent.AbstractFuture.get(AbstractFuture.java:508) ~[nacos-client-2.0.4.jar:na]
	at com.alibaba.nacos.common.remote.client.grpc.GrpcClient.serverCheck(GrpcClient.java:148) ~[nacos-client-2.0.4.jar:na]
	at com.alibaba.nacos.common.remote.client.grpc.GrpcClient.connectToServer(GrpcClient.java:264) ~[nacos-client-2.0.4.jar:na]
	at com.alibaba.nacos.common.remote.client.RpcClient.reconnect(RpcClient.java:522) ~[nacos-client-2.0.4.jar:na]
	at com.alibaba.nacos.common.remote.client.RpcClient.lambda$start$2(RpcClient.java:370) ~[nacos-client-2.0.4.jar:na]
	at java.base/java.util.concurrent.Executors$RunnableAdapter.call(Executors.java:515) ~[na:na]
	at java.base/java.util.concurrent.FutureTask.run(FutureTask.java:264) ~[na:na]
	at java.base/java.util.concurrent.ScheduledThreadPoolExecutor$ScheduledFutureTask.run(ScheduledThreadPoolExecutor.java:304) ~[na:na]
	at java.base/java.util.concurrent.ThreadPoolExecutor.runWorker(ThreadPoolExecutor.java:1128) ~[na:na]
	at java.base/java.util.concurrent.ThreadPoolExecutor$Worker.run(ThreadPoolExecutor.java:628) ~[na:na]
	at java.base/java.lang.Thread.run(Thread.java:834) ~[na:na]

14:40:10:623 ERROR 10824 --- [com.alibaba.nacos.client.remote.worker] c.a.n.c.remote.client.grpc.GrpcClient    : Server check fail, please check server 192.168.187.128 ,port 9848 is available , error ={}

java.util.concurrent.TimeoutException: Waited 3000 milliseconds (plus 12 milliseconds, 454800 nanoseconds delay) for com.alibaba.nacos.shaded.io.grpc.stub.ClientCalls$GrpcFuture@34a29a7a[status=PENDING, info=[GrpcFuture{clientCall={delegate={delegate=ClientCallImpl{method=MethodDescriptor{fullMethodName=Request/request, type=UNARY, idempotent=false, safe=false, sampledToLocalTracing=true, requestMarshaller=com.alibaba.nacos.shaded.io.grpc.protobuf.lite.ProtoLiteUtils$MessageMarshaller@1791c112, responseMarshaller=com.alibaba.nacos.shaded.io.grpc.protobuf.lite.ProtoLiteUtils$MessageMarshaller@21571d18, schemaDescriptor=com.alibaba.nacos.api.grpc.auto.RequestGrpc$RequestMethodDescriptorSupplier@25169a0f}}}}}]]
	at com.alibaba.nacos.shaded.com.google.common.util.concurrent.AbstractFuture.get(AbstractFuture.java:508) ~[nacos-client-2.0.4.jar:na]
	at com.alibaba.nacos.common.remote.client.grpc.GrpcClient.serverCheck(GrpcClient.java:148) ~[nacos-client-2.0.4.jar:na]
	at com.alibaba.nacos.common.remote.client.grpc.GrpcClient.connectToServer(GrpcClient.java:264) ~[nacos-client-2.0.4.jar:na]
	at com.alibaba.nacos.common.remote.client.RpcClient.reconnect(RpcClient.java:522) ~[nacos-client-2.0.4.jar:na]
	at com.alibaba.nacos.common.remote.client.RpcClient.lambda$start$2(RpcClient.java:370) ~[nacos-client-2.0.4.jar:na]
	at java.base/java.util.concurrent.Executors$RunnableAdapter.call(Executors.java:515) ~[na:na]
	at java.base/java.util.concurrent.FutureTask.run(FutureTask.java:264) ~[na:na]
	at java.base/java.util.concurrent.ScheduledThreadPoolExecutor$ScheduledFutureTask.run(ScheduledThreadPoolExecutor.java:304) ~[na:na]
	at java.base/java.util.concurrent.ThreadPoolExecutor.runWorker(ThreadPoolExecutor.java:1128) ~[na:na]
	at java.base/java.util.concurrent.ThreadPoolExecutor$Worker.run(ThreadPoolExecutor.java:628) ~[na:na]
	at java.base/java.lang.Thread.run(Thread.java:834) ~[na:na]

14:40:10:865  INFO 10824 --- [com.alibaba.nacos.client.remote.worker] com.alibaba.nacos.common.remote.client   : [39d177a6-1408-4fdc-94c2-d5b919574c4e] Success to connect a server [192.168.187.128:8848], connectionId = 1750315212794_192.168.187.1_52912
14:40:10:865  INFO 10824 --- [com.alibaba.nacos.client.remote.worker] com.alibaba.nacos.common.remote.client   : [7fef3b39-6005-4b73-8be0-20c48d8837c0_config-0] Success to connect a server [192.168.187.128:8848], connectionId = 1750315212794_192.168.187.1_52913
14:40:10:865  INFO 10824 --- [com.alibaba.nacos.client.remote.worker] com.alibaba.nacos.common.remote.client   : [7fef3b39-6005-4b73-8be0-20c48d8837c0_config-0] Abandon prev connection, server is 192.168.187.128:8848, connectionId is 1750315001127_192.168.187.1_52618
14:40:10:865  INFO 10824 --- [com.alibaba.nacos.client.remote.worker] com.alibaba.nacos.common.remote.client   : [39d177a6-1408-4fdc-94c2-d5b919574c4e] Abandon prev connection, server is 192.168.187.128:8848, connectionId is 1750315001124_192.168.187.1_52647
14:40:10:865  INFO 10824 --- [com.alibaba.nacos.client.remote.worker] com.alibaba.nacos.common.remote.client   : Close current connection 1750315001127_192.168.187.1_52618
14:40:10:865  INFO 10824 --- [com.alibaba.nacos.client.remote.worker] com.alibaba.nacos.common.remote.client   : Close current connection 1750315001124_192.168.187.1_52647
14:40:10:865  INFO 10824 --- [com.alibaba.nacos.client.remote.worker] com.alibaba.nacos.common.remote.client   : [39d177a6-1408-4fdc-94c2-d5b919574c4e] Notify disconnected event to listeners
14:40:10:865  INFO 10824 --- [com.alibaba.nacos.client.remote.worker] com.alibaba.nacos.common.remote.client   : [7fef3b39-6005-4b73-8be0-20c48d8837c0_config-0] Notify disconnected event to listeners
14:40:10:865  INFO 10824 --- [com.alibaba.nacos.client.remote.worker] com.alibaba.nacos.common.remote.client   : [39d177a6-1408-4fdc-94c2-d5b919574c4e] Notify connected event to listeners.
14:40:10:865  INFO 10824 --- [com.alibaba.nacos.client.remote.worker] com.alibaba.nacos.common.remote.client   : [7fef3b39-6005-4b73-8be0-20c48d8837c0_config-0] Notify connected event to listeners.
14:40:10:865  WARN 10824 --- [nacos-grpc-client-executor-76] c.a.n.c.remote.client.grpc.GrpcClient    : [1750315001124_192.168.187.1_52647]Ignore error event,isRunning:true,isAbandon=true
14:40:10:865  WARN 10824 --- [nacos-grpc-client-executor-81] c.a.n.c.remote.client.grpc.GrpcClient    : [1750315001127_192.168.187.1_52618]Ignore error event,isRunning:true,isAbandon=true
14:40:12:573  INFO 10824 --- [nacos-grpc-client-executor-83] com.alibaba.nacos.common.remote.client   : [39d177a6-1408-4fdc-94c2-d5b919574c4e] Receive server push request, request = NotifySubscriberRequest, requestId = 171
14:40:12:573  INFO 10824 --- [nacos-grpc-client-executor-83] com.alibaba.nacos.common.remote.client   : [39d177a6-1408-4fdc-94c2-d5b919574c4e] Ack server push request, request = NotifySubscriberRequest, requestId = 171
14:40:12:840  INFO 10824 --- [nacos-grpc-client-executor-84] com.alibaba.nacos.common.remote.client   : [39d177a6-1408-4fdc-94c2-d5b919574c4e] Receive server push request, request = NotifySubscriberRequest, requestId = 174
14:40:12:840  INFO 10824 --- [nacos-grpc-client-executor-84] com.alibaba.nacos.common.remote.client   : [39d177a6-1408-4fdc-94c2-d5b919574c4e] Ack server push request, request = NotifySubscriberRequest, requestId = 174
16:00:02:079  INFO 10824 --- [com.alibaba.nacos.client.remote.worker] com.alibaba.nacos.common.remote.client   : [39d177a6-1408-4fdc-94c2-d5b919574c4e] Server healthy check fail, currentConnection = 1750315212794_192.168.187.1_52912
16:00:02:079  INFO 10824 --- [com.alibaba.nacos.client.remote.worker] com.alibaba.nacos.common.remote.client   : [39d177a6-1408-4fdc-94c2-d5b919574c4e] Try to reconnect to a new server, server is  not appointed, will choose a random server.
16:00:02:191  INFO 10824 --- [com.alibaba.nacos.client.remote.worker] com.alibaba.nacos.common.remote.client   : [39d177a6-1408-4fdc-94c2-d5b919574c4e] Success to connect a server [192.168.187.128:8848], connectionId = 1750320004465_192.168.187.1_53898
16:00:02:191  INFO 10824 --- [com.alibaba.nacos.client.remote.worker] com.alibaba.nacos.common.remote.client   : [39d177a6-1408-4fdc-94c2-d5b919574c4e] Abandon prev connection, server is 192.168.187.128:8848, connectionId is 1750315212794_192.168.187.1_52912
16:00:02:191  INFO 10824 --- [com.alibaba.nacos.client.remote.worker] com.alibaba.nacos.common.remote.client   : Close current connection 1750315212794_192.168.187.1_52912
16:00:02:191  INFO 10824 --- [com.alibaba.nacos.client.remote.worker] com.alibaba.nacos.common.remote.client   : [39d177a6-1408-4fdc-94c2-d5b919574c4e] Notify disconnected event to listeners
16:00:02:191  INFO 10824 --- [com.alibaba.nacos.client.remote.worker] com.alibaba.nacos.common.remote.client   : [39d177a6-1408-4fdc-94c2-d5b919574c4e] Notify connected event to listeners.
16:00:02:191  WARN 10824 --- [nacos-grpc-client-executor-1046] c.a.n.c.remote.client.grpc.GrpcClient    : [1750315212794_192.168.187.1_52912]Ignore error event,isRunning:true,isAbandon=true
16:00:02:291  INFO 10824 --- [com.alibaba.nacos.client.remote.worker] com.alibaba.nacos.common.remote.client   : [7fef3b39-6005-4b73-8be0-20c48d8837c0_config-0] Server healthy check fail, currentConnection = 1750315212794_192.168.187.1_52913
16:00:02:291  INFO 10824 --- [com.alibaba.nacos.client.remote.worker] com.alibaba.nacos.common.remote.client   : [7fef3b39-6005-4b73-8be0-20c48d8837c0_config-0] Try to reconnect to a new server, server is  not appointed, will choose a random server.
16:00:02:414  INFO 10824 --- [com.alibaba.nacos.client.remote.worker] com.alibaba.nacos.common.remote.client   : [7fef3b39-6005-4b73-8be0-20c48d8837c0_config-0] Success to connect a server [192.168.187.128:8848], connectionId = 1750320004682_192.168.187.1_53900
16:00:02:414  INFO 10824 --- [com.alibaba.nacos.client.remote.worker] com.alibaba.nacos.common.remote.client   : [7fef3b39-6005-4b73-8be0-20c48d8837c0_config-0] Abandon prev connection, server is 192.168.187.128:8848, connectionId is 1750315212794_192.168.187.1_52913
16:00:02:414  INFO 10824 --- [com.alibaba.nacos.client.remote.worker] com.alibaba.nacos.common.remote.client   : Close current connection 1750315212794_192.168.187.1_52913
16:00:02:414  INFO 10824 --- [com.alibaba.nacos.client.remote.worker] com.alibaba.nacos.common.remote.client   : [7fef3b39-6005-4b73-8be0-20c48d8837c0_config-0] Notify disconnected event to listeners
16:00:02:414  INFO 10824 --- [com.alibaba.nacos.client.remote.worker] com.alibaba.nacos.common.remote.client   : [7fef3b39-6005-4b73-8be0-20c48d8837c0_config-0] Notify connected event to listeners.
16:00:02:414  WARN 10824 --- [nacos-grpc-client-executor-1047] c.a.n.c.remote.client.grpc.GrpcClient    : [1750315212794_192.168.187.1_52913]Ignore error event,isRunning:true,isAbandon=true
16:00:03:321  INFO 10824 --- [nacos-grpc-client-executor-1051] com.alibaba.nacos.common.remote.client   : [39d177a6-1408-4fdc-94c2-d5b919574c4e] Receive server push request, request = NotifySubscriberRequest, requestId = 182
16:00:03:322  INFO 10824 --- [nacos-grpc-client-executor-1051] com.alibaba.nacos.common.remote.client   : [39d177a6-1408-4fdc-94c2-d5b919574c4e] Ack server push request, request = NotifySubscriberRequest, requestId = 182
16:00:03:324  INFO 10824 --- [nacos-grpc-client-executor-1052] com.alibaba.nacos.common.remote.client   : [39d177a6-1408-4fdc-94c2-d5b919574c4e] Receive server push request, request = NotifySubscriberRequest, requestId = 183
16:00:03:326  INFO 10824 --- [nacos-grpc-client-executor-1052] com.alibaba.nacos.common.remote.client   : [39d177a6-1408-4fdc-94c2-d5b919574c4e] Ack server push request, request = NotifySubscriberRequest, requestId = 183
16:00:05:372  INFO 10824 --- [nacos-grpc-client-executor-1053] com.alibaba.nacos.common.remote.client   : [39d177a6-1408-4fdc-94c2-d5b919574c4e] Receive server push request, request = NotifySubscriberRequest, requestId = 189
16:00:05:374  INFO 10824 --- [nacos-grpc-client-executor-1053] com.alibaba.nacos.common.remote.client   : [39d177a6-1408-4fdc-94c2-d5b919574c4e] Ack server push request, request = NotifySubscriberRequest, requestId = 189
16:20:12:223  INFO 10824 --- [com.alibaba.nacos.client.remote.worker] com.alibaba.nacos.common.remote.client   : [39d177a6-1408-4fdc-94c2-d5b919574c4e] Server healthy check fail, currentConnection = 1750320004465_192.168.187.1_53898
16:20:12:223  INFO 10824 --- [com.alibaba.nacos.client.remote.worker] com.alibaba.nacos.common.remote.client   : [39d177a6-1408-4fdc-94c2-d5b919574c4e] Try to reconnect to a new server, server is  not appointed, will choose a random server.
16:20:12:427  INFO 10824 --- [com.alibaba.nacos.client.remote.worker] com.alibaba.nacos.common.remote.client   : [7fef3b39-6005-4b73-8be0-20c48d8837c0_config-0] Server healthy check fail, currentConnection = 1750320004682_192.168.187.1_53900
16:20:12:427  INFO 10824 --- [com.alibaba.nacos.client.remote.worker] com.alibaba.nacos.common.remote.client   : [7fef3b39-6005-4b73-8be0-20c48d8837c0_config-0] Try to reconnect to a new server, server is  not appointed, will choose a random server.
16:20:13:319 ERROR 10824 --- [com.alibaba.nacos.client.naming.updater.0] com.alibaba.nacos.common.remote.client   : Send request fail, request = ServiceQueryRequest{headers={app=unknown}, requestId='null'}, retryTimes = 0, errorMessage = Client not connected, current status:UNHEALTHY
16:20:13:421 ERROR 10824 --- [com.alibaba.nacos.client.naming.updater.0] com.alibaba.nacos.common.remote.client   : Send request fail, request = ServiceQueryRequest{headers={app=unknown}, requestId='null'}, retryTimes = 1, errorMessage = Client not connected, current status:UNHEALTHY
16:20:13:524 ERROR 10824 --- [com.alibaba.nacos.client.naming.updater.0] com.alibaba.nacos.common.remote.client   : Send request fail, request = ServiceQueryRequest{headers={app=unknown}, requestId='null'}, retryTimes = 2, errorMessage = Client not connected, current status:UNHEALTHY
16:20:14:658  INFO 10824 --- [com.alibaba.nacos.client.remote.worker] com.alibaba.nacos.common.remote.client   : [7fef3b39-6005-4b73-8be0-20c48d8837c0_config-0] Success to connect a server [192.168.187.128:8848], connectionId = 1750321217017_192.168.187.1_54885
16:20:14:658  INFO 10824 --- [com.alibaba.nacos.client.remote.worker] com.alibaba.nacos.common.remote.client   : [39d177a6-1408-4fdc-94c2-d5b919574c4e] Success to connect a server [192.168.187.128:8848], connectionId = 1750321217019_192.168.187.1_54880
16:20:14:658  INFO 10824 --- [com.alibaba.nacos.client.remote.worker] com.alibaba.nacos.common.remote.client   : [7fef3b39-6005-4b73-8be0-20c48d8837c0_config-0] Abandon prev connection, server is 192.168.187.128:8848, connectionId is 1750320004682_192.168.187.1_53900
16:20:14:658  INFO 10824 --- [com.alibaba.nacos.client.remote.worker] com.alibaba.nacos.common.remote.client   : [39d177a6-1408-4fdc-94c2-d5b919574c4e] Abandon prev connection, server is 192.168.187.128:8848, connectionId is 1750320004465_192.168.187.1_53898
16:20:14:658  INFO 10824 --- [com.alibaba.nacos.client.remote.worker] com.alibaba.nacos.common.remote.client   : Close current connection 1750320004682_192.168.187.1_53900
16:20:14:658  INFO 10824 --- [com.alibaba.nacos.client.remote.worker] com.alibaba.nacos.common.remote.client   : Close current connection 1750320004465_192.168.187.1_53898
16:20:14:658  INFO 10824 --- [com.alibaba.nacos.client.remote.worker] com.alibaba.nacos.common.remote.client   : [39d177a6-1408-4fdc-94c2-d5b919574c4e] Notify disconnected event to listeners
16:20:14:658  INFO 10824 --- [com.alibaba.nacos.client.remote.worker] com.alibaba.nacos.common.remote.client   : [7fef3b39-6005-4b73-8be0-20c48d8837c0_config-0] Notify disconnected event to listeners
16:20:14:658  INFO 10824 --- [com.alibaba.nacos.client.remote.worker] com.alibaba.nacos.common.remote.client   : [7fef3b39-6005-4b73-8be0-20c48d8837c0_config-0] Notify connected event to listeners.
16:20:14:658  INFO 10824 --- [com.alibaba.nacos.client.remote.worker] com.alibaba.nacos.common.remote.client   : [39d177a6-1408-4fdc-94c2-d5b919574c4e] Notify connected event to listeners.
16:20:14:658  WARN 10824 --- [nacos-grpc-client-executor-1293] c.a.n.c.remote.client.grpc.GrpcClient    : [1750320004682_192.168.187.1_53900]Ignore error event,isRunning:true,isAbandon=true
16:20:14:658  WARN 10824 --- [nacos-grpc-client-executor-1297] c.a.n.c.remote.client.grpc.GrpcClient    : [1750320004465_192.168.187.1_53898]Ignore error event,isRunning:true,isAbandon=true
16:20:18:005  INFO 10824 --- [nacos-grpc-client-executor-1302] com.alibaba.nacos.common.remote.client   : [39d177a6-1408-4fdc-94c2-d5b919574c4e] Receive server push request, request = NotifySubscriberRequest, requestId = 205
16:20:18:006  INFO 10824 --- [nacos-grpc-client-executor-1302] com.alibaba.nacos.common.remote.client   : [39d177a6-1408-4fdc-94c2-d5b919574c4e] Ack server push request, request = NotifySubscriberRequest, requestId = 205
16:20:18:111  INFO 10824 --- [nacos-grpc-client-executor-1303] com.alibaba.nacos.common.remote.client   : [39d177a6-1408-4fdc-94c2-d5b919574c4e] Receive server push request, request = NotifySubscriberRequest, requestId = 208
16:20:18:111  INFO 10824 --- [nacos-grpc-client-executor-1303] com.alibaba.nacos.common.remote.client   : [39d177a6-1408-4fdc-94c2-d5b919574c4e] Ack server push request, request = NotifySubscriberRequest, requestId = 208
16:32:15:731  WARN 10824 --- [Thread-5] c.a.nacos.common.notify.NotifyCenter     : [NotifyCenter] Start destroying Publisher
16:32:15:732  WARN 10824 --- [Thread-1] c.a.n.common.http.HttpClientBeanHolder   : [HttpClientBeanHolder] Start destroying common HttpClient
16:32:15:734  WARN 10824 --- [Thread-5] c.a.nacos.common.notify.NotifyCenter     : [NotifyCenter] Destruction of the end
16:32:15:749  WARN 10824 --- [Thread-1] c.a.n.common.http.HttpClientBeanHolder   : [HttpClientBeanHolder] Destruction of the end
16:32:16:748  INFO 10824 --- [SpringApplicationShutdownHook] c.a.c.n.registry.NacosServiceRegistry    : De-registering from Nacos Server now...
16:32:16:754  INFO 10824 --- [SpringApplicationShutdownHook] c.a.c.n.registry.NacosServiceRegistry    : De-registration finished.
16:32:17:085  INFO 10824 --- [SpringApplicationShutdownHook] com.alibaba.nacos.common.remote.client   : Shutdown rpc client, set status to shutdown
16:32:17:085  INFO 10824 --- [SpringApplicationShutdownHook] com.alibaba.nacos.common.remote.client   : Shutdown client event executor java.util.concurrent.ScheduledThreadPoolExecutor@7147a317[Running, pool size = 2, active threads = 2, queued tasks = 0, completed tasks = 0]
16:32:17:085  INFO 10824 --- [SpringApplicationShutdownHook] com.alibaba.nacos.common.remote.client   : Close current connection 1750321217019_192.168.187.1_54880
16:32:17:087  INFO 10824 --- [SpringApplicationShutdownHook] c.a.n.c.remote.client.grpc.GrpcClient    : Shutdown grpc executor java.util.concurrent.ThreadPoolExecutor@7c02cf70[Running, pool size = 4, active threads = 0, queued tasks = 0, completed tasks = 1450]
16:32:17:097  INFO 10824 --- [SpringApplicationShutdownHook] com.zaxxer.hikari.HikariDataSource       : HikariPool-1 - Shutdown initiated...
16:32:17:110  INFO 10824 --- [SpringApplicationShutdownHook] com.zaxxer.hikari.HikariDataSource       : HikariPool-1 - Shutdown completed.
