14:00:46:658  INFO 6760 --- [main] com.heima.trade.TradeApplication         : Starting TradeApplication using Java 11.0.23 on huang with PID 6760 (D:\hmall\trade-service\target\classes started by 25048 in D:\hmall)
14:00:46:670  INFO 6760 --- [main] com.heima.trade.TradeApplication         : The following 1 profile is active: "local"
14:00:47:536  INFO 6760 --- [main] .s.d.r.c.RepositoryConfigurationDelegate : Multiple Spring Data modules found, entering strict repository configuration mode
14:00:47:537  INFO 6760 --- [main] .s.d.r.c.RepositoryConfigurationDelegate : Bootstrapping Spring Data Redis repositories in DEFAULT mode.
14:00:47:556  INFO 6760 --- [main] .s.d.r.c.RepositoryConfigurationDelegate : Finished Spring Data repository scanning in 6 ms. Found 0 Redis repository interfaces.
14:00:47:799  INFO 6760 --- [main] o.s.cloud.context.scope.GenericScope     : BeanFactory id=abe616c9-a1d0-39f2-a3e9-f0911d13f73b
14:00:48:216  INFO 6760 --- [main] o.s.b.w.embedded.tomcat.TomcatWebServer  : Tomcat initialized with port(s): 8084 (http)
14:00:48:218  INFO 6760 --- [main] o.a.catalina.core.AprLifecycleListener   : Loaded Apache Tomcat Native library [2.0.8] using APR version [1.7.4].
14:00:48:219  INFO 6760 --- [main] o.a.catalina.core.AprLifecycleListener   : APR capabilities: IPv6 [true], sendfile [true], accept filters [false], random [true], UDS [true].
14:00:48:219  INFO 6760 --- [main] o.a.catalina.core.AprLifecycleListener   : APR/OpenSSL configuration: useAprConnector [false], useOpenSSL [true]
14:00:48:223  INFO 6760 --- [main] o.a.catalina.core.AprLifecycleListener   : OpenSSL successfully initialized [OpenSSL 3.0.14 4 Jun 2024]
14:00:48:236  INFO 6760 --- [main] o.apache.catalina.core.StandardService   : Starting service [Tomcat]
14:00:48:236  INFO 6760 --- [main] org.apache.catalina.core.StandardEngine  : Starting Servlet engine: [Apache Tomcat/9.0.75]
14:00:48:416  INFO 6760 --- [main] o.a.c.c.C.[Tomcat].[localhost].[/]       : Initializing Spring embedded WebApplicationContext
14:00:48:416  INFO 6760 --- [main] w.s.c.ServletWebServerApplicationContext : Root WebApplicationContext: initialization completed in 1695 ms
14:00:48:593  INFO 6760 --- [main] o.s.c.openfeign.FeignClientFactoryBean   : For 'item-service' URL not provided. Will try picking an instance via load-balancing.
14:00:50:634  INFO 6760 --- [main] o.s.c.openfeign.FeignClientFactoryBean   : For 'cart-service' URL not provided. Will try picking an instance via load-balancing.
14:00:51:887  INFO 6760 --- [main] pertySourcedRequestMappingHandlerMapping : Mapped URL path [/v2/api-docs] onto method [springfox.documentation.swagger2.web.Swagger2ControllerWebMvc#getDocumentation(String, HttpServletRequest)]
14:00:53:151  INFO 6760 --- [main] com.alibaba.nacos.common.remote.client   : [RpcClientFactory] create a new rpc client of d67f4886-f319-4512-a3f5-18160ef5d481
14:00:53:187  INFO 6760 --- [main] org.reflections.Reflections              : Reflections took 20 ms to scan 1 urls, producing 3 keys and 6 values 
14:00:53:212  INFO 6760 --- [main] org.reflections.Reflections              : Reflections took 17 ms to scan 1 urls, producing 4 keys and 9 values 
14:00:53:224  INFO 6760 --- [main] org.reflections.Reflections              : Reflections took 7 ms to scan 1 urls, producing 3 keys and 10 values 
14:00:53:229  WARN 6760 --- [main] org.reflections.Reflections              : given scan urls are empty. set urls in the configuration
14:00:53:237  INFO 6760 --- [main] org.reflections.Reflections              : Reflections took 8 ms to scan 1 urls, producing 1 keys and 5 values 
14:00:53:247  INFO 6760 --- [main] org.reflections.Reflections              : Reflections took 7 ms to scan 1 urls, producing 1 keys and 7 values 
14:00:53:259  INFO 6760 --- [main] org.reflections.Reflections              : Reflections took 12 ms to scan 1 urls, producing 2 keys and 8 values 
14:00:53:262  WARN 6760 --- [main] org.reflections.Reflections              : given scan urls are empty. set urls in the configuration
14:00:53:262  INFO 6760 --- [main] com.alibaba.nacos.common.remote.client   : [d67f4886-f319-4512-a3f5-18160ef5d481] RpcClient init label, labels = {module=naming, source=sdk}
14:00:53:265  INFO 6760 --- [main] com.alibaba.nacos.common.remote.client   : [d67f4886-f319-4512-a3f5-18160ef5d481] RpcClient init, ServerListFactory = com.alibaba.nacos.client.naming.core.ServerListManager
14:00:53:265  INFO 6760 --- [main] com.alibaba.nacos.common.remote.client   : [d67f4886-f319-4512-a3f5-18160ef5d481] Registry connection listener to current client:com.alibaba.nacos.client.naming.remote.gprc.redo.NamingGrpcRedoService
14:00:53:265  INFO 6760 --- [main] com.alibaba.nacos.common.remote.client   : [d67f4886-f319-4512-a3f5-18160ef5d481] Register server push request handler:com.alibaba.nacos.client.naming.remote.gprc.NamingPushRequestHandler
14:00:53:267  INFO 6760 --- [main] com.alibaba.nacos.common.remote.client   : [d67f4886-f319-4512-a3f5-18160ef5d481] Try to connect to server on start up, server: {serverIp = '192.168.187.128', server main port = 8848}
14:00:55:483  INFO 6760 --- [main] com.alibaba.nacos.common.remote.client   : [d67f4886-f319-4512-a3f5-18160ef5d481] Success to connect to server [192.168.187.128:8848] on start up, connectionId = 1750312857149_192.168.187.1_50494
14:00:55:483  INFO 6760 --- [com.alibaba.nacos.client.remote.worker] com.alibaba.nacos.common.remote.client   : [d67f4886-f319-4512-a3f5-18160ef5d481] Notify connected event to listeners.
14:00:55:485  INFO 6760 --- [main] com.alibaba.nacos.common.remote.client   : [d67f4886-f319-4512-a3f5-18160ef5d481] Register server push request handler:com.alibaba.nacos.common.remote.client.RpcClient$ConnectResetRequestHandler
14:00:55:485  INFO 6760 --- [main] com.alibaba.nacos.common.remote.client   : [d67f4886-f319-4512-a3f5-18160ef5d481] Register server push request handler:com.alibaba.nacos.common.remote.client.RpcClient$$Lambda$1117/0x0000000800791c40
14:00:55:534  INFO 6760 --- [main] o.s.b.w.embedded.tomcat.TomcatWebServer  : Tomcat started on port(s): 8084 (http) with context path ''
14:00:55:549  INFO 6760 --- [main] c.a.c.n.registry.NacosServiceRegistry    : nacos registry, DEFAULT_GROUP trade-service 192.168.187.1:8084 register finished
14:00:56:075  INFO 6760 --- [nacos-grpc-client-executor-10] com.alibaba.nacos.common.remote.client   : [d67f4886-f319-4512-a3f5-18160ef5d481] Receive server push request, request = NotifySubscriberRequest, requestId = 136
14:00:56:079  INFO 6760 --- [nacos-grpc-client-executor-10] com.alibaba.nacos.common.remote.client   : [d67f4886-f319-4512-a3f5-18160ef5d481] Ack server push request, request = NotifySubscriberRequest, requestId = 136
14:00:56:160  INFO 6760 --- [main] d.s.w.p.DocumentationPluginsBootstrapper : Documentation plugins bootstrapped
14:00:56:162  INFO 6760 --- [main] d.s.w.p.DocumentationPluginsBootstrapper : Found 1 custom documentation plugin(s)
14:00:56:179  INFO 6760 --- [main] s.d.s.w.s.ApiListingReferenceScanner     : Scanning for api listing references
14:00:56:253  INFO 6760 --- [main] com.heima.trade.TradeApplication         : Started TradeApplication in 10.897 seconds (JVM running for 12.041)
14:22:27:730  INFO 6760 --- [http-nio-8084-exec-1] o.a.c.c.C.[Tomcat].[localhost].[/]       : Initializing Spring DispatcherServlet 'dispatcherServlet'
14:22:27:731  INFO 6760 --- [http-nio-8084-exec-1] o.s.web.servlet.DispatcherServlet        : Initializing Servlet 'dispatcherServlet'
14:22:27:734  INFO 6760 --- [http-nio-8084-exec-1] o.s.web.servlet.DispatcherServlet        : Completed initialization in 3 ms
14:22:27:802  INFO 6760 --- [http-nio-8084-exec-1] com.zaxxer.hikari.HikariDataSource       : HikariPool-1 - Starting...
14:22:28:141  INFO 6760 --- [http-nio-8084-exec-1] com.zaxxer.hikari.HikariDataSource       : HikariPool-1 - Start completed.
14:22:28:841  INFO 6760 --- [nacos-grpc-client-executor-281] com.alibaba.nacos.common.remote.client   : [d67f4886-f319-4512-a3f5-18160ef5d481] Receive server push request, request = NotifySubscriberRequest, requestId = 142
14:22:28:843  INFO 6760 --- [nacos-grpc-client-executor-281] com.alibaba.nacos.common.remote.client   : [d67f4886-f319-4512-a3f5-18160ef5d481] Ack server push request, request = NotifySubscriberRequest, requestId = 142
14:22:29:044  INFO 6760 --- [nacos-grpc-client-executor-282] com.alibaba.nacos.common.remote.client   : [d67f4886-f319-4512-a3f5-18160ef5d481] Receive server push request, request = NotifySubscriberRequest, requestId = 143
14:22:29:046  INFO 6760 --- [nacos-grpc-client-executor-282] com.alibaba.nacos.common.remote.client   : [d67f4886-f319-4512-a3f5-18160ef5d481] Ack server push request, request = NotifySubscriberRequest, requestId = 143
14:35:23:108  INFO 6760 --- [nacos-grpc-client-executor-453] com.alibaba.nacos.common.remote.client   : [d67f4886-f319-4512-a3f5-18160ef5d481] Receive server push request, request = NotifySubscriberRequest, requestId = 145
14:35:23:111  INFO 6760 --- [nacos-grpc-client-executor-453] com.alibaba.nacos.common.remote.client   : [d67f4886-f319-4512-a3f5-18160ef5d481] Ack server push request, request = NotifySubscriberRequest, requestId = 145
14:35:37:280  INFO 6760 --- [nacos-grpc-client-executor-457] com.alibaba.nacos.common.remote.client   : [d67f4886-f319-4512-a3f5-18160ef5d481] Receive server push request, request = NotifySubscriberRequest, requestId = 148
14:35:37:285  INFO 6760 --- [nacos-grpc-client-executor-457] com.alibaba.nacos.common.remote.client   : [d67f4886-f319-4512-a3f5-18160ef5d481] Ack server push request, request = NotifySubscriberRequest, requestId = 148
14:36:39:817  INFO 6760 --- [nacos-grpc-client-executor-470] com.alibaba.nacos.common.remote.client   : [d67f4886-f319-4512-a3f5-18160ef5d481] Receive server push request, request = NotifySubscriberRequest, requestId = 152
14:36:39:818  INFO 6760 --- [nacos-grpc-client-executor-470] com.alibaba.nacos.common.remote.client   : [d67f4886-f319-4512-a3f5-18160ef5d481] Ack server push request, request = NotifySubscriberRequest, requestId = 152
14:36:39:824  INFO 6760 --- [nacos-grpc-client-executor-471] com.alibaba.nacos.common.remote.client   : [d67f4886-f319-4512-a3f5-18160ef5d481] Receive server push request, request = NotifySubscriberRequest, requestId = 154
14:36:39:825  INFO 6760 --- [nacos-grpc-client-executor-471] com.alibaba.nacos.common.remote.client   : [d67f4886-f319-4512-a3f5-18160ef5d481] Ack server push request, request = NotifySubscriberRequest, requestId = 154
14:36:41:375  INFO 6760 --- [nacos-grpc-client-executor-472] com.alibaba.nacos.common.remote.client   : [d67f4886-f319-4512-a3f5-18160ef5d481] Receive server push request, request = NotifySubscriberRequest, requestId = 157
14:36:41:377  INFO 6760 --- [nacos-grpc-client-executor-472] com.alibaba.nacos.common.remote.client   : [d67f4886-f319-4512-a3f5-18160ef5d481] Ack server push request, request = NotifySubscriberRequest, requestId = 157
14:36:42:391  INFO 6760 --- [nacos-grpc-client-executor-473] com.alibaba.nacos.common.remote.client   : [d67f4886-f319-4512-a3f5-18160ef5d481] Receive server push request, request = NotifySubscriberRequest, requestId = 159
14:36:42:392  INFO 6760 --- [nacos-grpc-client-executor-473] com.alibaba.nacos.common.remote.client   : [d67f4886-f319-4512-a3f5-18160ef5d481] Ack server push request, request = NotifySubscriberRequest, requestId = 159
14:40:07:735  INFO 6760 --- [com.alibaba.nacos.client.remote.worker] com.alibaba.nacos.common.remote.client   : [d67f4886-f319-4512-a3f5-18160ef5d481] Server healthy check fail, currentConnection = 1750312857149_192.168.187.1_50494
14:40:07:736  INFO 6760 --- [com.alibaba.nacos.client.remote.worker] com.alibaba.nacos.common.remote.client   : [d67f4886-f319-4512-a3f5-18160ef5d481] Try to reconnect to a new server, server is  not appointed, will choose a random server.
14:40:10:571  INFO 6760 --- [nacos-grpc-client-executor-515] com.alibaba.nacos.common.remote.client   : [d67f4886-f319-4512-a3f5-18160ef5d481] Receive server push request, request = NotifySubscriberRequest, requestId = 164
14:40:10:572  INFO 6760 --- [nacos-grpc-client-executor-515] com.alibaba.nacos.common.remote.client   : [d67f4886-f319-4512-a3f5-18160ef5d481] Ack server push request, request = NotifySubscriberRequest, requestId = 164
14:40:10:772 ERROR 6760 --- [com.alibaba.nacos.client.remote.worker] c.a.n.c.remote.client.grpc.GrpcClient    : Server check fail, please check server 192.168.187.128 ,port 9848 is available , error ={}

java.util.concurrent.TimeoutException: Waited 3000 milliseconds (plus 19 milliseconds, 747000 nanoseconds delay) for com.alibaba.nacos.shaded.io.grpc.stub.ClientCalls$GrpcFuture@24468170[status=PENDING, info=[GrpcFuture{clientCall={delegate={delegate=ClientCallImpl{method=MethodDescriptor{fullMethodName=Request/request, type=UNARY, idempotent=false, safe=false, sampledToLocalTracing=true, requestMarshaller=com.alibaba.nacos.shaded.io.grpc.protobuf.lite.ProtoLiteUtils$MessageMarshaller@b49d0e4, responseMarshaller=com.alibaba.nacos.shaded.io.grpc.protobuf.lite.ProtoLiteUtils$MessageMarshaller@164e4f65, schemaDescriptor=com.alibaba.nacos.api.grpc.auto.RequestGrpc$RequestMethodDescriptorSupplier@14076f32}}}}}]]
	at com.alibaba.nacos.shaded.com.google.common.util.concurrent.AbstractFuture.get(AbstractFuture.java:508) ~[nacos-client-2.0.4.jar:na]
	at com.alibaba.nacos.common.remote.client.grpc.GrpcClient.serverCheck(GrpcClient.java:148) ~[nacos-client-2.0.4.jar:na]
	at com.alibaba.nacos.common.remote.client.grpc.GrpcClient.connectToServer(GrpcClient.java:264) ~[nacos-client-2.0.4.jar:na]
	at com.alibaba.nacos.common.remote.client.RpcClient.reconnect(RpcClient.java:522) ~[nacos-client-2.0.4.jar:na]
	at com.alibaba.nacos.common.remote.client.RpcClient.lambda$start$2(RpcClient.java:370) ~[nacos-client-2.0.4.jar:na]
	at java.base/java.util.concurrent.Executors$RunnableAdapter.call(Executors.java:515) ~[na:na]
	at java.base/java.util.concurrent.FutureTask.run(FutureTask.java:264) ~[na:na]
	at java.base/java.util.concurrent.ScheduledThreadPoolExecutor$ScheduledFutureTask.run(ScheduledThreadPoolExecutor.java:304) ~[na:na]
	at java.base/java.util.concurrent.ThreadPoolExecutor.runWorker(ThreadPoolExecutor.java:1128) ~[na:na]
	at java.base/java.util.concurrent.ThreadPoolExecutor$Worker.run(ThreadPoolExecutor.java:628) ~[na:na]
	at java.base/java.lang.Thread.run(Thread.java:834) ~[na:na]

14:40:11:027  INFO 6760 --- [com.alibaba.nacos.client.remote.worker] com.alibaba.nacos.common.remote.client   : [d67f4886-f319-4512-a3f5-18160ef5d481] Success to connect a server [192.168.187.128:8848], connectionId = 1750315212955_192.168.187.1_52915
14:40:11:027  INFO 6760 --- [com.alibaba.nacos.client.remote.worker] com.alibaba.nacos.common.remote.client   : [d67f4886-f319-4512-a3f5-18160ef5d481] Abandon prev connection, server is 192.168.187.128:8848, connectionId is 1750312857149_192.168.187.1_50494
14:40:11:027  INFO 6760 --- [com.alibaba.nacos.client.remote.worker] com.alibaba.nacos.common.remote.client   : Close current connection 1750312857149_192.168.187.1_50494
14:40:11:027  INFO 6760 --- [com.alibaba.nacos.client.remote.worker] com.alibaba.nacos.common.remote.client   : [d67f4886-f319-4512-a3f5-18160ef5d481] Notify disconnected event to listeners
14:40:11:029  WARN 6760 --- [nacos-grpc-client-executor-521] c.a.n.c.remote.client.grpc.GrpcClient    : [1750312857149_192.168.187.1_50494]Ignore error event,isRunning:true,isAbandon=true
14:40:11:030  INFO 6760 --- [com.alibaba.nacos.client.remote.worker] com.alibaba.nacos.common.remote.client   : [d67f4886-f319-4512-a3f5-18160ef5d481] Notify connected event to listeners.
14:40:14:369  INFO 6760 --- [nacos-grpc-client-executor-526] com.alibaba.nacos.common.remote.client   : [d67f4886-f319-4512-a3f5-18160ef5d481] Receive server push request, request = NotifySubscriberRequest, requestId = 177
14:40:14:370  INFO 6760 --- [nacos-grpc-client-executor-526] com.alibaba.nacos.common.remote.client   : [d67f4886-f319-4512-a3f5-18160ef5d481] Ack server push request, request = NotifySubscriberRequest, requestId = 177
14:40:14:377  INFO 6760 --- [nacos-grpc-client-executor-527] com.alibaba.nacos.common.remote.client   : [d67f4886-f319-4512-a3f5-18160ef5d481] Receive server push request, request = NotifySubscriberRequest, requestId = 178
14:40:14:377  INFO 6760 --- [nacos-grpc-client-executor-527] com.alibaba.nacos.common.remote.client   : [d67f4886-f319-4512-a3f5-18160ef5d481] Ack server push request, request = NotifySubscriberRequest, requestId = 178
14:40:14:388  INFO 6760 --- [nacos-grpc-client-executor-528] com.alibaba.nacos.common.remote.client   : [d67f4886-f319-4512-a3f5-18160ef5d481] Receive server push request, request = NotifySubscriberRequest, requestId = 180
14:40:14:390  INFO 6760 --- [nacos-grpc-client-executor-528] com.alibaba.nacos.common.remote.client   : [d67f4886-f319-4512-a3f5-18160ef5d481] Ack server push request, request = NotifySubscriberRequest, requestId = 180
16:00:01:115 ERROR 6760 --- [com.alibaba.nacos.client.naming.updater.2] com.alibaba.nacos.common.remote.client   : Send request fail, request = ServiceQueryRequest{headers={}, requestId='null'}, retryTimes = 0, errorMessage = java.util.concurrent.TimeoutException: Waited 3000 milliseconds (plus 10 milliseconds, 94000 nanoseconds delay) for com.alibaba.nacos.shaded.io.grpc.stub.ClientCalls$GrpcFuture@44d7c6ca[status=PENDING, info=[GrpcFuture{clientCall={delegate={delegate=ClientCallImpl{method=MethodDescriptor{fullMethodName=Request/request, type=UNARY, idempotent=false, safe=false, sampledToLocalTracing=true, requestMarshaller=com.alibaba.nacos.shaded.io.grpc.protobuf.lite.ProtoLiteUtils$MessageMarshaller@b49d0e4, responseMarshaller=com.alibaba.nacos.shaded.io.grpc.protobuf.lite.ProtoLiteUtils$MessageMarshaller@164e4f65, schemaDescriptor=com.alibaba.nacos.api.grpc.auto.RequestGrpc$RequestMethodDescriptorSupplier@14076f32}}}}}]]
16:00:01:237  INFO 6760 --- [com.alibaba.nacos.client.remote.worker] com.alibaba.nacos.common.remote.client   : [d67f4886-f319-4512-a3f5-18160ef5d481] Server healthy check fail, currentConnection = 1750315212955_192.168.187.1_52915
16:00:01:237  INFO 6760 --- [com.alibaba.nacos.client.remote.worker] com.alibaba.nacos.common.remote.client   : [d67f4886-f319-4512-a3f5-18160ef5d481] Try to reconnect to a new server, server is  not appointed, will choose a random server.
16:00:02:364  INFO 6760 --- [com.alibaba.nacos.client.remote.worker] com.alibaba.nacos.common.remote.client   : [d67f4886-f319-4512-a3f5-18160ef5d481] Success to connect a server [192.168.187.128:8848], connectionId = 1750320004633_192.168.187.1_53892
16:00:02:364  INFO 6760 --- [com.alibaba.nacos.client.remote.worker] com.alibaba.nacos.common.remote.client   : [d67f4886-f319-4512-a3f5-18160ef5d481] Abandon prev connection, server is 192.168.187.128:8848, connectionId is 1750315212955_192.168.187.1_52915
16:00:02:364  INFO 6760 --- [com.alibaba.nacos.client.remote.worker] com.alibaba.nacos.common.remote.client   : Close current connection 1750315212955_192.168.187.1_52915
16:00:02:364  INFO 6760 --- [com.alibaba.nacos.client.remote.worker] com.alibaba.nacos.common.remote.client   : [d67f4886-f319-4512-a3f5-18160ef5d481] Notify disconnected event to listeners
16:00:02:364  INFO 6760 --- [com.alibaba.nacos.client.remote.worker] com.alibaba.nacos.common.remote.client   : [d67f4886-f319-4512-a3f5-18160ef5d481] Notify connected event to listeners.
16:00:02:364  WARN 6760 --- [nacos-grpc-client-executor-1501] c.a.n.c.remote.client.grpc.GrpcClient    : [1750315212955_192.168.187.1_52915]Ignore error event,isRunning:true,isAbandon=true
16:00:02:364  INFO 6760 --- [com.alibaba.nacos.client.remote.worker] com.alibaba.nacos.common.remote.client   : [d67f4886-f319-4512-a3f5-18160ef5d481] Server check success, currentServer is 192.168.187.128:8848 
16:00:04:454  INFO 6760 --- [nacos-grpc-client-executor-1510] com.alibaba.nacos.common.remote.client   : [d67f4886-f319-4512-a3f5-18160ef5d481] Receive server push request, request = NotifySubscriberRequest, requestId = 184
16:00:04:454  INFO 6760 --- [nacos-grpc-client-executor-1510] com.alibaba.nacos.common.remote.client   : [d67f4886-f319-4512-a3f5-18160ef5d481] Ack server push request, request = NotifySubscriberRequest, requestId = 184
16:00:04:456  INFO 6760 --- [nacos-grpc-client-executor-1511] com.alibaba.nacos.common.remote.client   : [d67f4886-f319-4512-a3f5-18160ef5d481] Receive server push request, request = NotifySubscriberRequest, requestId = 185
16:00:04:457  INFO 6760 --- [nacos-grpc-client-executor-1511] com.alibaba.nacos.common.remote.client   : [d67f4886-f319-4512-a3f5-18160ef5d481] Ack server push request, request = NotifySubscriberRequest, requestId = 185
16:00:04:465  INFO 6760 --- [nacos-grpc-client-executor-1512] com.alibaba.nacos.common.remote.client   : [d67f4886-f319-4512-a3f5-18160ef5d481] Receive server push request, request = NotifySubscriberRequest, requestId = 186
16:00:04:467  INFO 6760 --- [nacos-grpc-client-executor-1512] com.alibaba.nacos.common.remote.client   : [d67f4886-f319-4512-a3f5-18160ef5d481] Ack server push request, request = NotifySubscriberRequest, requestId = 186
16:00:05:374  INFO 6760 --- [nacos-grpc-client-executor-1513] com.alibaba.nacos.common.remote.client   : [d67f4886-f319-4512-a3f5-18160ef5d481] Receive server push request, request = NotifySubscriberRequest, requestId = 190
16:00:05:375  INFO 6760 --- [nacos-grpc-client-executor-1513] com.alibaba.nacos.common.remote.client   : [d67f4886-f319-4512-a3f5-18160ef5d481] Ack server push request, request = NotifySubscriberRequest, requestId = 190
16:20:15:189  INFO 6760 --- [nacos-grpc-client-executor-1758] com.alibaba.nacos.common.remote.client   : [d67f4886-f319-4512-a3f5-18160ef5d481] Receive server push request, request = NotifySubscriberRequest, requestId = 197
16:20:15:191  INFO 6760 --- [nacos-grpc-client-executor-1758] com.alibaba.nacos.common.remote.client   : [d67f4886-f319-4512-a3f5-18160ef5d481] Ack server push request, request = NotifySubscriberRequest, requestId = 197
16:20:18:005  INFO 6760 --- [nacos-grpc-client-executor-1759] com.alibaba.nacos.common.remote.client   : [d67f4886-f319-4512-a3f5-18160ef5d481] Receive server push request, request = NotifySubscriberRequest, requestId = 207
16:20:18:008  INFO 6760 --- [nacos-grpc-client-executor-1759] com.alibaba.nacos.common.remote.client   : [d67f4886-f319-4512-a3f5-18160ef5d481] Ack server push request, request = NotifySubscriberRequest, requestId = 207
16:32:15:555  WARN 6760 --- [Thread-4] c.a.nacos.common.notify.NotifyCenter     : [NotifyCenter] Start destroying Publisher
16:32:15:559  WARN 6760 --- [Thread-7] c.a.n.common.http.HttpClientBeanHolder   : [HttpClientBeanHolder] Start destroying common HttpClient
16:32:15:561  WARN 6760 --- [Thread-4] c.a.nacos.common.notify.NotifyCenter     : [NotifyCenter] Destruction of the end
16:32:15:591  WARN 6760 --- [Thread-7] c.a.n.common.http.HttpClientBeanHolder   : [HttpClientBeanHolder] Destruction of the end
16:32:16:670  INFO 6760 --- [SpringApplicationShutdownHook] c.a.c.n.registry.NacosServiceRegistry    : De-registering from Nacos Server now...
16:32:16:675  INFO 6760 --- [SpringApplicationShutdownHook] c.a.c.n.registry.NacosServiceRegistry    : De-registration finished.
16:32:17:011  INFO 6760 --- [SpringApplicationShutdownHook] com.alibaba.nacos.common.remote.client   : Shutdown rpc client, set status to shutdown
16:32:17:011  INFO 6760 --- [SpringApplicationShutdownHook] com.alibaba.nacos.common.remote.client   : Shutdown client event executor java.util.concurrent.ScheduledThreadPoolExecutor@2e00b03e[Running, pool size = 2, active threads = 2, queued tasks = 0, completed tasks = 0]
16:32:17:011  INFO 6760 --- [SpringApplicationShutdownHook] com.alibaba.nacos.common.remote.client   : Close current connection 1750320004633_192.168.187.1_53892
16:32:17:011  INFO 6760 --- [nacos-grpc-client-executor-1906] c.a.n.c.remote.client.grpc.GrpcClient    : [1750320004633_192.168.187.1_53892]Ignore complete event,isRunning:false,isAbandon=false
16:32:17:016  INFO 6760 --- [SpringApplicationShutdownHook] c.a.n.c.remote.client.grpc.GrpcClient    : Shutdown grpc executor java.util.concurrent.ThreadPoolExecutor@52b943a[Running, pool size = 4, active threads = 0, queued tasks = 0, completed tasks = 1907]
16:32:17:026  INFO 6760 --- [SpringApplicationShutdownHook] com.zaxxer.hikari.HikariDataSource       : HikariPool-1 - Shutdown initiated...
16:32:17:039  INFO 6760 --- [SpringApplicationShutdownHook] com.zaxxer.hikari.HikariDataSource       : HikariPool-1 - Shutdown completed.
